2026-03-26 17:19:26,190 [INFO project.py:162 __init__()] Loading binary ./example/fuzz-deadbeef.elf
2026-03-26 17:19:26,197 [INFO loader.py:907 _internal_load()] Linking /Users/bhxyry/Desktop/毕业设计/bp_fuzz/example/fuzz-deadbeef.elf
2026-03-26 17:19:26,197 [INFO loader.py:1058 _map_object()] Mapping /Users/bhxyry/Desktop/毕业设计/bp_fuzz/example/fuzz-deadbeef.elf at 0x8000000
2026-03-26 17:19:26,197 [INFO loader.py:907 _internal_load()] Linking cle##externs
2026-03-26 17:19:26,197 [INFO loader.py:1058 _map_object()] Mapping cle##externs at 0x20100000
2026-03-26 17:19:26,198 [INFO loader.py:907 _internal_load()] Linking cle##tls
2026-03-26 17:19:26,198 [INFO loader.py:1058 _map_object()] Mapping cle##tls at 0x20200000
2026-03-26 17:19:26,198 [INFO loader.py:1058 _map_object()] Mapping cle##kernel at 0x20300000
2026-03-26 17:19:26,201 [INFO cfg_base.py:180 __init__()] Loaded 5 indirect jump resolvers (3 timeless, 2 generic).
2026-03-26 17:19:26,201 [INFO __init__.py:151 make_extern()] Created extern symbol for UnresolvableJumpTarget
2026-03-26 17:19:26,201 [INFO __init__.py:151 make_extern()] Created extern symbol for UnresolvableCallTarget
2026-03-26 17:19:26,203 [INFO cfg_fast.py:3557 _preprocess_exception_handlings()] Loaded 0 exception handlings from 0 binaries.
2026-03-26 17:19:26,203 [INFO cfg_fast.py:2232 _func_addrs_from_prologues()] Found 23 functions with prologue scanning.
2026-03-26 17:19:26,260 [INFO jumptable.py:1166 _resolve()] Could not resolve indirect jump 0x8000b07 in function 0x8000989.
2026-03-26 17:19:26,267 [INFO jumptable.py:1136 _resolve()] Jump table at 0x8000b07 has 19 targets: 0x80009bb, 0x8000a53, 0x8000a5d, 0x8000a6f, 0x80009d3, 0x80009d3, 0x80009d3, 0x80009d3, 0x80009d3, 0x80009d3, 0x80009d3, 0x80009d3, 0x80009d3, 0x80009d3, 0x80009d3, 0x80009d3, 0x80009d3, 0x8000a57, 0x8000a63
2026-03-26 17:19:26,273 [INFO jumptable.py:1166 _resolve()] Could not resolve indirect jump 0x8000265 in function 0x8000259.
2026-03-26 17:19:26,279 [INFO jumptable.py:1166 _resolve()] Could not resolve indirect jump 0x8000265 in function 0x8000259.
2026-03-26 17:19:26,285 [INFO jumptable.py:1166 _resolve()] Could not resolve indirect jump 0x8000265 in function 0x8000259.
2026-03-26 17:19:26,291 [INFO jumptable.py:1166 _resolve()] Could not resolve indirect jump 0x8000265 in function 0x8000259.
2026-03-26 17:19:26,294 [INFO jumptable.py:1166 _resolve()] Could not resolve indirect jump 0x8000265 in function 0x8000259.
2026-03-26 17:19:26,297 [INFO jumptable.py:1166 _resolve()] Could not resolve indirect jump 0x8000281 in function 0x8000259.
2026-03-26 17:19:26,305 [INFO jumptable.py:1166 _resolve()] Could not resolve indirect jump 0x8000281 in function 0x8000259.
2026-03-26 17:19:26,312 [INFO jumptable.py:1166 _resolve()] Could not resolve indirect jump 0x8000281 in function 0x8000259.
2026-03-26 17:19:26,321 [INFO jumptable.py:1166 _resolve()] Could not resolve indirect jump 0x8000281 in function 0x8000259.
2026-03-26 17:19:26,324 [INFO jumptable.py:1166 _resolve()] Could not resolve indirect jump 0x8000281 in function 0x8000259.
2026-03-26 17:19:26,329 [INFO jumptable.py:1166 _resolve()] Could not resolve indirect jump 0x8000283 in function 0x8000259.
2026-03-26 17:19:26,335 [INFO jumptable.py:1166 _resolve()] Could not resolve indirect jump 0x8000283 in function 0x8000259.
2026-03-26 17:19:26,340 [INFO jumptable.py:1166 _resolve()] Could not resolve indirect jump 0x8000283 in function 0x8000259.
2026-03-26 17:19:26,348 [INFO jumptable.py:1166 _resolve()] Could not resolve indirect jump 0x8000283 in function 0x8000259.
2026-03-26 17:19:26,352 [INFO jumptable.py:1166 _resolve()] Could not resolve indirect jump 0x8000283 in function 0x8000259.
2026-03-26 17:19:26,355 [INFO jumptable.py:1166 _resolve()] Could not resolve indirect jump 0x8000267 in function 0x8000259.
2026-03-26 17:19:26,362 [INFO jumptable.py:1166 _resolve()] Could not resolve indirect jump 0x8000267 in function 0x8000259.
2026-03-26 17:19:26,367 [INFO jumptable.py:1166 _resolve()] Could not resolve indirect jump 0x8000267 in function 0x8000259.
2026-03-26 17:19:26,373 [INFO jumptable.py:1166 _resolve()] Could not resolve indirect jump 0x8000267 in function 0x8000259.
2026-03-26 17:19:26,376 [INFO jumptable.py:1166 _resolve()] Could not resolve indirect jump 0x8000267 in function 0x8000259.
2026-03-26 17:19:26,392 [INFO binaryanalyzer.py:37 generate_cfg()] binary analyzer complete!
2026-03-26 17:19:26,395 [INFO qemu.py:33 start()] qemu started
2026-03-26 17:19:27,822 [INFO GDB.py:15 connect()] gdb connected!
2026-03-26 17:19:28,033 [INFO uart.py:13 connect()] UART connected!
2026-03-26 17:19:28,033 [INFO GDB.py:31 set_breakpoint()] set breakpoint at 0x800037c
2026-03-26 17:19:28,320 [INFO GDB.py:31 set_breakpoint()] set breakpoint at 0x8000388
2026-03-26 17:19:28,526 [INFO GDB.py:31 set_breakpoint()] set breakpoint at 0x800036e
2026-03-26 17:19:28,733 [INFO GDB.py:31 set_breakpoint()] set breakpoint at 0x8000394
2026-03-26 17:19:28,937 [INFO fuzzer.py:83 set_breakpoints()] Redistribute all 4 breakpoints
2026-03-26 17:19:28,937 [INFO GDB.py:20 continue_run()] continue exec!
2026-03-26 17:19:29,144 [INFO uart.py:19 wait_for_output()] receive:b'Input:\n'
2026-03-26 17:19:29,144 [INFO uart.py:26 send_input()] data send!
2026-03-26 17:19:29,350 [INFO fuzzer.py:66 start_fuzz()] Breakpoint hit at 0x0800036e
2026-03-26 17:19:29,350 [INFO GDB.py:20 continue_run()] continue exec!
2026-03-26 17:19:29,556 [INFO qemu.py:41 stop()] qemu stopped
2026-03-26 17:19:29,566 [INFO GDB.py:24 disconnect()] GDB Exit
2026-03-26 17:19:29,767 [INFO uart.py:33 disconnect()] serial disconnect!
