2026-03-26 17:27:58,296 [INFO project.py:162 __init__()] Loading binary ./example/fuzz-deadbeef.elf
2026-03-26 17:27:58,304 [INFO loader.py:907 _internal_load()] Linking /Users/bhxyry/Desktop/毕业设计/bp_fuzz/example/fuzz-deadbeef.elf
2026-03-26 17:27:58,304 [INFO loader.py:1058 _map_object()] Mapping /Users/bhxyry/Desktop/毕业设计/bp_fuzz/example/fuzz-deadbeef.elf at 0x8000000
2026-03-26 17:27:58,305 [INFO loader.py:907 _internal_load()] Linking cle##externs
2026-03-26 17:27:58,305 [INFO loader.py:1058 _map_object()] Mapping cle##externs at 0x20100000
2026-03-26 17:27:58,305 [INFO loader.py:907 _internal_load()] Linking cle##tls
2026-03-26 17:27:58,305 [INFO loader.py:1058 _map_object()] Mapping cle##tls at 0x20200000
2026-03-26 17:27:58,305 [INFO loader.py:1058 _map_object()] Mapping cle##kernel at 0x20300000
2026-03-26 17:27:58,309 [INFO cfg_base.py:180 __init__()] Loaded 5 indirect jump resolvers (3 timeless, 2 generic).
2026-03-26 17:27:58,309 [INFO __init__.py:151 make_extern()] Created extern symbol for UnresolvableJumpTarget
2026-03-26 17:27:58,309 [INFO __init__.py:151 make_extern()] Created extern symbol for UnresolvableCallTarget
2026-03-26 17:27:58,311 [INFO cfg_fast.py:3557 _preprocess_exception_handlings()] Loaded 0 exception handlings from 0 binaries.
2026-03-26 17:27:58,311 [INFO cfg_fast.py:2232 _func_addrs_from_prologues()] Found 23 functions with prologue scanning.
2026-03-26 17:27:58,367 [INFO jumptable.py:1166 _resolve()] Could not resolve indirect jump 0x8000b07 in function 0x8000989.
2026-03-26 17:27:58,374 [INFO jumptable.py:1136 _resolve()] Jump table at 0x8000b07 has 19 targets: 0x80009bb, 0x8000a53, 0x8000a5d, 0x8000a6f, 0x80009d3, 0x80009d3, 0x80009d3, 0x80009d3, 0x80009d3, 0x80009d3, 0x80009d3, 0x80009d3, 0x80009d3, 0x80009d3, 0x80009d3, 0x80009d3, 0x80009d3, 0x8000a57, 0x8000a63
2026-03-26 17:27:58,380 [INFO jumptable.py:1166 _resolve()] Could not resolve indirect jump 0x8000265 in function 0x8000259.
2026-03-26 17:27:58,386 [INFO jumptable.py:1166 _resolve()] Could not resolve indirect jump 0x8000265 in function 0x8000259.
2026-03-26 17:27:58,392 [INFO jumptable.py:1166 _resolve()] Could not resolve indirect jump 0x8000265 in function 0x8000259.
2026-03-26 17:27:58,398 [INFO jumptable.py:1166 _resolve()] Could not resolve indirect jump 0x8000265 in function 0x8000259.
2026-03-26 17:27:58,401 [INFO jumptable.py:1166 _resolve()] Could not resolve indirect jump 0x8000265 in function 0x8000259.
2026-03-26 17:27:58,405 [INFO jumptable.py:1166 _resolve()] Could not resolve indirect jump 0x8000281 in function 0x8000259.
2026-03-26 17:27:58,412 [INFO jumptable.py:1166 _resolve()] Could not resolve indirect jump 0x8000281 in function 0x8000259.
2026-03-26 17:27:58,420 [INFO jumptable.py:1166 _resolve()] Could not resolve indirect jump 0x8000281 in function 0x8000259.
2026-03-26 17:27:58,429 [INFO jumptable.py:1166 _resolve()] Could not resolve indirect jump 0x8000281 in function 0x8000259.
2026-03-26 17:27:58,432 [INFO jumptable.py:1166 _resolve()] Could not resolve indirect jump 0x8000281 in function 0x8000259.
2026-03-26 17:27:58,436 [INFO jumptable.py:1166 _resolve()] Could not resolve indirect jump 0x8000283 in function 0x8000259.
2026-03-26 17:27:58,443 [INFO jumptable.py:1166 _resolve()] Could not resolve indirect jump 0x8000283 in function 0x8000259.
2026-03-26 17:27:58,448 [INFO jumptable.py:1166 _resolve()] Could not resolve indirect jump 0x8000283 in function 0x8000259.
2026-03-26 17:27:58,456 [INFO jumptable.py:1166 _resolve()] Could not resolve indirect jump 0x8000283 in function 0x8000259.
2026-03-26 17:27:58,460 [INFO jumptable.py:1166 _resolve()] Could not resolve indirect jump 0x8000283 in function 0x8000259.
2026-03-26 17:27:58,464 [INFO jumptable.py:1166 _resolve()] Could not resolve indirect jump 0x8000267 in function 0x8000259.
2026-03-26 17:27:58,471 [INFO jumptable.py:1166 _resolve()] Could not resolve indirect jump 0x8000267 in function 0x8000259.
2026-03-26 17:27:58,475 [INFO jumptable.py:1166 _resolve()] Could not resolve indirect jump 0x8000267 in function 0x8000259.
2026-03-26 17:27:58,482 [INFO jumptable.py:1166 _resolve()] Could not resolve indirect jump 0x8000267 in function 0x8000259.
2026-03-26 17:27:58,485 [INFO jumptable.py:1166 _resolve()] Could not resolve indirect jump 0x8000267 in function 0x8000259.
2026-03-26 17:27:58,501 [INFO binaryanalyzer.py:37 generate_cfg()] binary analyzer complete!
2026-03-26 17:27:58,504 [INFO qemu.py:33 start()] qemu started
2026-03-26 17:27:59,932 [INFO GDB.py:15 connect()] gdb connected!
2026-03-26 17:28:00,141 [INFO uart.py:13 connect()] UART connected!
2026-03-26 17:28:00,141 [INFO GDB.py:31 set_breakpoint()] set breakpoint at 0x800037a
2026-03-26 17:28:00,408 [INFO GDB.py:31 set_breakpoint()] set breakpoint at 0x8000394
2026-03-26 17:28:00,616 [INFO GDB.py:31 set_breakpoint()] set breakpoint at 0x800038e
2026-03-26 17:28:00,823 [INFO GDB.py:31 set_breakpoint()] set breakpoint at 0x80003a0
2026-03-26 17:28:01,029 [INFO fuzzer.py:83 set_breakpoints()] Redistribute all 4 breakpoints
2026-03-26 17:28:01,030 [INFO GDB.py:20 continue_run()] continue exec!
2026-03-26 17:28:01,231 [INFO uart.py:19 wait_for_output()] receive:b'Input:\n'
2026-03-26 17:28:01,231 [INFO uart.py:26 send_input()] data send!
2026-03-26 17:28:01,437 [INFO fuzzer.py:66 start_fuzz()] Breakpoint hit at 0x0800037a
2026-03-26 17:28:01,438 [INFO GDB.py:20 continue_run()] continue exec!
2026-03-26 17:28:01,644 [INFO qemu.py:41 stop()] qemu stopped
2026-03-26 17:28:01,652 [INFO GDB.py:24 disconnect()] GDB Exit
2026-03-26 17:28:01,853 [INFO uart.py:33 disconnect()] serial disconnect!
