2026-04-20 09:48:44,119 [WARNING binaryanalyzer.py:76 build_dominator_tree()] 发现多个入口候选: ['0x8002b8a', '0x8000284', '0x80003bc', '0x800044a', '0x8000468', '0x80004ae', '0x8000534', '0x800066c', '0x8000688']
2026-04-20 09:48:44,119 [INFO binaryanalyzer.py:79 build_dominator_tree()] CFG 入口点: 0x8002b8a
2026-04-20 09:48:44,125 [INFO binaryanalyzer.py:89 build_dominator_tree()] Dominator Tree complete!
2026-04-20 09:48:44,128 [INFO qemu.py:34 start()] qemu started
2026-04-20 09:48:45,354 [INFO GDB.py:125 connect()] gdb connected!
2026-04-20 09:48:45,364 [INFO uart.py:20 connect()] UART connected!
2026-04-20 09:48:46,480 [INFO fuzzer.py:152 set_breakpoints()] Redistribute all 8 breakpoints
2026-04-20 09:48:46,813 [INFO fuzzer.py:110 start_fuzz()] Breakpoint hit at 0x08001a14
2026-04-20 09:48:47,048 [INFO fuzzer.py:110 start_fuzz()] Breakpoint hit at 0x08002b70
2026-04-20 09:48:47,277 [INFO fuzzer.py:110 start_fuzz()] Breakpoint hit at 0x080015d0
2026-04-20 09:48:47,814 [INFO fuzzer.py:110 start_fuzz()] Breakpoint hit at 0x08001c24
2026-04-20 09:48:49,816 [INFO fuzzer.py:110 start_fuzz()] Breakpoint hit at 0x0800471e
2026-04-20 09:49:01,957 [INFO fuzzer.py:152 set_breakpoints()] Redistribute all 8 breakpoints
2026-04-20 09:49:02,296 [INFO fuzzer.py:110 start_fuzz()] Breakpoint hit at 0x08004662
2026-04-20 09:49:02,629 [INFO fuzzer.py:110 start_fuzz()] Breakpoint hit at 0x08002872
2026-04-20 09:49:32,644 [INFO fuzzer.py:152 set_breakpoints()] Redistribute all 8 breakpoints
2026-04-20 09:49:32,972 [INFO fuzzer.py:110 start_fuzz()] Breakpoint hit at 0x08004d28
2026-04-20 09:49:48,164 [INFO fuzzer.py:152 set_breakpoints()] Redistribute all 8 breakpoints
2026-04-20 09:49:48,491 [INFO fuzzer.py:110 start_fuzz()] Breakpoint hit at 0x080031e4
2026-04-20 09:49:48,824 [INFO fuzzer.py:110 start_fuzz()] Breakpoint hit at 0x08000ad6
2026-04-20 09:49:50,928 [INFO fuzzer.py:110 start_fuzz()] Breakpoint hit at 0x08000534
2026-04-20 09:49:52,837 [INFO fuzzer.py:110 start_fuzz()] Breakpoint hit at 0x080044e4
2026-04-20 09:50:19,345 [INFO fuzzer.py:152 set_breakpoints()] Redistribute all 8 breakpoints
2026-04-20 09:50:19,684 [INFO fuzzer.py:110 start_fuzz()] Breakpoint hit at 0x08003524
2026-04-20 09:50:32,919 [INFO fuzzer.py:110 start_fuzz()] Breakpoint hit at 0x08004d64
2026-04-20 09:51:06,281 [INFO fuzzer.py:152 set_breakpoints()] Redistribute all 8 breakpoints
2026-04-20 09:51:06,615 [INFO fuzzer.py:110 start_fuzz()] Breakpoint hit at 0x08004daa
2026-04-20 09:51:06,955 [INFO fuzzer.py:110 start_fuzz()] Breakpoint hit at 0x08003d20
2026-04-20 09:51:07,184 [INFO fuzzer.py:110 start_fuzz()] Breakpoint hit at 0x08003ed4
2026-04-20 09:51:26,271 [INFO fuzzer.py:152 set_breakpoints()] Redistribute all 8 breakpoints
2026-04-20 09:51:26,605 [INFO fuzzer.py:110 start_fuzz()] Breakpoint hit at 0x0800138c
2026-04-20 09:51:26,945 [INFO fuzzer.py:110 start_fuzz()] Breakpoint hit at 0x08000ad0
2026-04-20 09:51:59,892 [INFO fuzzer.py:152 set_breakpoints()] Redistribute all 8 breakpoints
2026-04-20 09:52:00,229 [INFO fuzzer.py:110 start_fuzz()] Breakpoint hit at 0x08003828
2026-04-20 09:52:00,553 [INFO fuzzer.py:110 start_fuzz()] Breakpoint hit at 0x0800487c
2026-04-20 09:52:00,782 [INFO fuzzer.py:110 start_fuzz()] Breakpoint hit at 0x08003b10
2026-04-20 09:52:01,116 [INFO fuzzer.py:110 start_fuzz()] Breakpoint hit at 0x08000e8a
2026-04-20 09:52:44,140 [INFO fuzzer.py:110 start_fuzz()] Breakpoint hit at 0x080020c2
2026-04-20 09:52:52,701 [INFO fuzzer.py:152 set_breakpoints()] Redistribute all 8 breakpoints
2026-04-20 09:52:53,035 [INFO fuzzer.py:110 start_fuzz()] Breakpoint hit at 0x08001cb6
2026-04-20 09:52:53,375 [INFO fuzzer.py:110 start_fuzz()] Breakpoint hit at 0x08000e74
2026-04-20 09:52:53,708 [INFO fuzzer.py:110 start_fuzz()] Breakpoint hit at 0x0800202c
2026-04-20 09:52:54,563 [INFO fuzzer.py:110 start_fuzz()] Breakpoint hit at 0x080039ca
2026-04-20 09:53:14,177 [INFO fuzzer.py:152 set_breakpoints()] Redistribute all 8 breakpoints
2026-04-20 09:53:14,505 [INFO fuzzer.py:110 start_fuzz()] Breakpoint hit at 0x0800198a
2026-04-20 09:53:14,830 [INFO fuzzer.py:110 start_fuzz()] Breakpoint hit at 0x080031c2
2026-04-20 09:53:15,170 [INFO fuzzer.py:110 start_fuzz()] Breakpoint hit at 0x08000f30
2026-04-20 09:53:15,497 [INFO fuzzer.py:110 start_fuzz()] Breakpoint hit at 0x08001442
2026-04-20 09:53:49,383 [INFO fuzzer.py:152 set_breakpoints()] Redistribute all 8 breakpoints
2026-04-20 09:53:49,709 [INFO fuzzer.py:110 start_fuzz()] Breakpoint hit at 0x080040a4
2026-04-20 09:53:50,048 [INFO fuzzer.py:110 start_fuzz()] Breakpoint hit at 0x08002d82
2026-04-20 09:53:50,283 [INFO fuzzer.py:110 start_fuzz()] Breakpoint hit at 0x080016da
2026-04-20 09:53:51,244 [INFO fuzzer.py:110 start_fuzz()] Breakpoint hit at 0x08002432
2026-04-20 09:54:08,444 [INFO fuzzer.py:152 set_breakpoints()] Redistribute all 8 breakpoints
2026-04-20 09:54:08,784 [INFO fuzzer.py:110 start_fuzz()] Breakpoint hit at 0x08003022
2026-04-20 09:54:09,124 [INFO fuzzer.py:110 start_fuzz()] Breakpoint hit at 0x08001440
2026-04-20 09:54:09,458 [INFO fuzzer.py:110 start_fuzz()] Breakpoint hit at 0x08003b80
2026-04-20 09:54:57,300 [INFO fuzzer.py:110 start_fuzz()] Breakpoint hit at 0x0800422c
2026-04-20 09:54:59,628 [INFO fuzzer.py:152 set_breakpoints()] Redistribute all 8 breakpoints
2026-04-20 09:54:59,967 [INFO fuzzer.py:110 start_fuzz()] Breakpoint hit at 0x0800236a
2026-04-20 09:55:00,293 [INFO fuzzer.py:110 start_fuzz()] Breakpoint hit at 0x08003010
2026-04-20 09:55:00,627 [INFO fuzzer.py:110 start_fuzz()] Breakpoint hit at 0x08004226
2026-04-20 09:55:37,863 [INFO fuzzer.py:152 set_breakpoints()] Redistribute all 8 breakpoints
2026-04-20 09:55:38,216 [INFO fuzzer.py:110 start_fuzz()] Breakpoint hit at 0x0800492a
2026-04-20 09:55:38,466 [INFO fuzzer.py:110 start_fuzz()] Breakpoint hit at 0x08000338
2026-04-20 09:55:38,817 [INFO fuzzer.py:110 start_fuzz()] Breakpoint hit at 0x080045ac
2026-04-20 09:55:39,390 [INFO fuzzer.py:110 start_fuzz()] Breakpoint hit at 0x08000d4c
2026-04-20 09:55:39,639 [INFO fuzzer.py:110 start_fuzz()] Breakpoint hit at 0x08000d90
2026-04-20 09:55:58,185 [INFO fuzzer.py:152 set_breakpoints()] Redistribute all 8 breakpoints
2026-04-20 09:55:58,538 [INFO fuzzer.py:110 start_fuzz()] Breakpoint hit at 0x0800399e
2026-04-20 09:55:58,883 [INFO fuzzer.py:110 start_fuzz()] Breakpoint hit at 0x0800134e
2026-04-20 09:55:59,234 [INFO fuzzer.py:110 start_fuzz()] Breakpoint hit at 0x08000dba
2026-04-20 09:56:10,320 [INFO fuzzer.py:110 start_fuzz()] Breakpoint hit at 0x080036de
2026-04-20 09:56:35,091 [INFO fuzzer.py:152 set_breakpoints()] Redistribute all 8 breakpoints
2026-04-20 09:56:35,443 [INFO fuzzer.py:110 start_fuzz()] Breakpoint hit at 0x08001c88
2026-04-20 09:56:35,797 [INFO fuzzer.py:110 start_fuzz()] Breakpoint hit at 0x080012d6
2026-04-20 09:56:36,040 [INFO fuzzer.py:110 start_fuzz()] Breakpoint hit at 0x0800182a
2026-04-20 09:56:36,383 [INFO fuzzer.py:110 start_fuzz()] Breakpoint hit at 0x08002f40
2026-04-20 09:57:12,838 [INFO fuzzer.py:152 set_breakpoints()] Redistribute all 8 breakpoints
2026-04-20 09:57:13,190 [INFO fuzzer.py:110 start_fuzz()] Breakpoint hit at 0x080045ec
2026-04-20 09:57:13,542 [INFO fuzzer.py:110 start_fuzz()] Breakpoint hit at 0x08001c5e
2026-04-20 09:57:13,894 [INFO fuzzer.py:110 start_fuzz()] Breakpoint hit at 0x080044f8
2026-04-20 09:57:14,234 [INFO fuzzer.py:110 start_fuzz()] Breakpoint hit at 0x080046a8
2026-04-20 09:57:14,587 [INFO fuzzer.py:110 start_fuzz()] Breakpoint hit at 0x08002502
2026-04-20 09:57:48,019 [INFO fuzzer.py:152 set_breakpoints()] Redistribute all 8 breakpoints
2026-04-20 09:57:48,351 [INFO fuzzer.py:110 start_fuzz()] Breakpoint hit at 0x0800321a
2026-04-20 09:57:48,685 [INFO fuzzer.py:110 start_fuzz()] Breakpoint hit at 0x08002e26
2026-04-20 09:57:53,798 [INFO fuzzer.py:110 start_fuzz()] Breakpoint hit at 0x0800047a
2026-04-20 09:58:33,342 [INFO fuzzer.py:152 set_breakpoints()] Redistribute all 8 breakpoints
2026-04-20 09:58:33,676 [INFO fuzzer.py:110 start_fuzz()] Breakpoint hit at 0x080024c8
2026-04-20 09:58:34,016 [INFO fuzzer.py:110 start_fuzz()] Breakpoint hit at 0x08002ab4
2026-04-20 09:58:34,355 [INFO fuzzer.py:110 start_fuzz()] Breakpoint hit at 0x08000a98
2026-04-20 09:58:34,692 [INFO fuzzer.py:110 start_fuzz()] Breakpoint hit at 0x08004522
2026-04-20 09:59:16,241 [INFO fuzzer.py:152 set_breakpoints()] Redistribute all 8 breakpoints
2026-04-20 09:59:16,575 [INFO fuzzer.py:110 start_fuzz()] Breakpoint hit at 0x08003c3e
2026-04-20 09:59:16,908 [INFO fuzzer.py:110 start_fuzz()] Breakpoint hit at 0x08002a60
2026-04-20 09:59:17,242 [INFO fuzzer.py:110 start_fuzz()] Breakpoint hit at 0x080040ac
2026-04-20 09:59:17,569 [INFO fuzzer.py:110 start_fuzz()] Breakpoint hit at 0x0800376e
2026-04-20 09:59:17,902 [INFO fuzzer.py:110 start_fuzz()] Breakpoint hit at 0x08004b56
2026-04-20 09:59:18,241 [INFO fuzzer.py:110 start_fuzz()] Breakpoint hit at 0x08000c24
2026-04-20 09:59:19,207 [INFO fuzzer.py:110 start_fuzz()] Breakpoint hit at 0x08004e60
2026-04-20 09:59:39,134 [INFO fuzzer.py:152 set_breakpoints()] Redistribute all 8 breakpoints
2026-04-20 09:59:39,474 [INFO fuzzer.py:110 start_fuzz()] Breakpoint hit at 0x08004614
2026-04-20 09:59:39,808 [INFO fuzzer.py:110 start_fuzz()] Breakpoint hit at 0x080046f0
2026-04-20 09:59:40,142 [INFO fuzzer.py:110 start_fuzz()] Breakpoint hit at 0x08002a2c
2026-04-20 10:00:25,460 [INFO fuzzer.py:152 set_breakpoints()] Redistribute all 8 breakpoints
2026-04-20 10:00:25,794 [INFO fuzzer.py:110 start_fuzz()] Breakpoint hit at 0x080028dc
2026-04-20 10:00:26,134 [INFO fuzzer.py:110 start_fuzz()] Breakpoint hit at 0x08000ea0
2026-04-20 10:00:26,474 [INFO fuzzer.py:110 start_fuzz()] Breakpoint hit at 0x08004d7a
2026-04-20 10:00:29,494 [INFO fuzzer.py:110 start_fuzz()] Breakpoint hit at 0x080028fe
2026-04-20 10:01:14,776 [INFO fuzzer.py:152 set_breakpoints()] Redistribute all 8 breakpoints
2026-04-20 10:01:15,116 [INFO fuzzer.py:110 start_fuzz()] Breakpoint hit at 0x080046ea
2026-04-20 10:02:00,634 [INFO fuzzer.py:152 set_breakpoints()] Redistribute all 8 breakpoints
2026-04-20 10:02:00,961 [INFO fuzzer.py:110 start_fuzz()] Breakpoint hit at 0x08001356
2026-04-20 10:02:01,295 [INFO fuzzer.py:110 start_fuzz()] Breakpoint hit at 0x080022b2
2026-04-20 10:02:01,634 [INFO fuzzer.py:110 start_fuzz()] Breakpoint hit at 0x0800041a
2026-04-20 10:02:01,967 [INFO fuzzer.py:110 start_fuzz()] Breakpoint hit at 0x08002e52
2026-04-20 10:02:02,301 [INFO fuzzer.py:110 start_fuzz()] Breakpoint hit at 0x08004018
2026-04-20 10:02:02,635 [INFO fuzzer.py:110 start_fuzz()] Breakpoint hit at 0x08004e7c
2026-04-20 10:02:45,088 [INFO fuzzer.py:152 set_breakpoints()] Redistribute all 8 breakpoints
2026-04-20 10:02:45,442 [INFO fuzzer.py:110 start_fuzz()] Breakpoint hit at 0x08004dc2
2026-04-20 10:02:45,795 [INFO fuzzer.py:110 start_fuzz()] Breakpoint hit at 0x080026e4
2026-04-20 10:02:46,037 [INFO fuzzer.py:110 start_fuzz()] Breakpoint hit at 0x08001cec
2026-04-20 10:02:46,394 [INFO fuzzer.py:110 start_fuzz()] Breakpoint hit at 0x080040ba
2026-04-20 10:03:10,677 [INFO fuzzer.py:152 set_breakpoints()] Redistribute all 8 breakpoints
2026-04-20 10:03:11,036 [INFO fuzzer.py:110 start_fuzz()] Breakpoint hit at 0x08003a0e
2026-04-20 10:03:11,388 [INFO fuzzer.py:110 start_fuzz()] Breakpoint hit at 0x08000a58
2026-04-20 10:03:11,743 [INFO fuzzer.py:110 start_fuzz()] Breakpoint hit at 0x0800281c
2026-04-20 10:03:11,992 [INFO fuzzer.py:110 start_fuzz()] Breakpoint hit at 0x08002894
2026-04-20 10:03:58,963 [INFO fuzzer.py:152 set_breakpoints()] Redistribute all 8 breakpoints
2026-04-20 10:03:59,309 [INFO fuzzer.py:110 start_fuzz()] Breakpoint hit at 0x08004d36
2026-04-20 10:03:59,545 [INFO fuzzer.py:110 start_fuzz()] Breakpoint hit at 0x08002bc8
2026-04-20 10:03:59,904 [INFO fuzzer.py:110 start_fuzz()] Breakpoint hit at 0x08002272
2026-04-20 10:04:25,577 [INFO fuzzer.py:152 set_breakpoints()] Redistribute all 8 breakpoints
2026-04-20 10:04:25,930 [INFO fuzzer.py:110 start_fuzz()] Breakpoint hit at 0x0800328e
2026-04-20 10:04:26,277 [INFO fuzzer.py:110 start_fuzz()] Breakpoint hit at 0x08000284
2026-04-20 10:04:26,624 [INFO fuzzer.py:110 start_fuzz()] Breakpoint hit at 0x08001d3e
2026-04-20 10:04:27,402 [INFO fuzzer.py:110 start_fuzz()] Breakpoint hit at 0x08002a80
2026-04-20 10:05:01,257 [INFO fuzzer.py:110 start_fuzz()] Breakpoint hit at 0x08004e38
2026-04-20 10:05:15,002 [INFO fuzzer.py:152 set_breakpoints()] Redistribute all 8 breakpoints
2026-04-20 10:05:15,351 [INFO fuzzer.py:110 start_fuzz()] Breakpoint hit at 0x08002736
2026-04-20 10:05:15,697 [INFO fuzzer.py:110 start_fuzz()] Breakpoint hit at 0x08002ab0
2026-04-20 10:05:15,947 [INFO fuzzer.py:110 start_fuzz()] Breakpoint hit at 0x08000af4
2026-04-20 10:05:39,811 [INFO fuzzer.py:152 set_breakpoints()] Redistribute all 8 breakpoints
2026-04-20 10:05:40,145 [INFO fuzzer.py:110 start_fuzz()] Breakpoint hit at 0x08002bf6
2026-04-20 10:05:40,478 [INFO fuzzer.py:110 start_fuzz()] Breakpoint hit at 0x0800348a
2026-04-20 10:05:40,812 [INFO fuzzer.py:110 start_fuzz()] Breakpoint hit at 0x08002a9a
2026-04-20 10:05:41,146 [INFO fuzzer.py:110 start_fuzz()] Breakpoint hit at 0x08003f44
2026-04-20 10:05:41,381 [INFO fuzzer.py:110 start_fuzz()] Breakpoint hit at 0x08004d60
2026-04-20 10:06:08,320 [INFO fuzzer.py:152 set_breakpoints()] Redistribute all 8 breakpoints
2026-04-20 10:06:08,660 [INFO fuzzer.py:110 start_fuzz()] Breakpoint hit at 0x08000774
2026-04-20 10:06:08,988 [INFO fuzzer.py:110 start_fuzz()] Breakpoint hit at 0x08004c22
2026-04-20 10:06:09,319 [INFO fuzzer.py:110 start_fuzz()] Breakpoint hit at 0x080048f0
2026-04-20 10:06:09,655 [INFO fuzzer.py:110 start_fuzz()] Breakpoint hit at 0x0800205a
2026-04-20 10:06:09,989 [INFO fuzzer.py:110 start_fuzz()] Breakpoint hit at 0x08002716
2026-04-20 10:06:28,955 [INFO fuzzer.py:152 set_breakpoints()] Redistribute all 8 breakpoints
2026-04-20 10:06:29,287 [INFO fuzzer.py:110 start_fuzz()] Breakpoint hit at 0x080025bc
2026-04-20 10:06:29,620 [INFO fuzzer.py:110 start_fuzz()] Breakpoint hit at 0x08000c62
2026-04-20 10:06:49,252 [INFO fuzzer.py:152 set_breakpoints()] Redistribute all 8 breakpoints
2026-04-20 10:06:49,580 [INFO fuzzer.py:110 start_fuzz()] Breakpoint hit at 0x08002864
2026-04-20 10:06:49,920 [INFO fuzzer.py:110 start_fuzz()] Breakpoint hit at 0x08003d28
2026-04-20 10:06:50,260 [INFO fuzzer.py:110 start_fuzz()] Breakpoint hit at 0x080029a4
2026-04-20 10:06:50,598 [INFO fuzzer.py:110 start_fuzz()] Breakpoint hit at 0x08001acc
2026-04-20 10:06:50,833 [INFO fuzzer.py:110 start_fuzz()] Breakpoint hit at 0x080040ec
2026-04-20 10:07:06,855 [INFO fuzzer.py:110 start_fuzz()] Breakpoint hit at 0x0800131c
2026-04-20 10:07:10,007 [INFO fuzzer.py:152 set_breakpoints()] Redistribute all 8 breakpoints
2026-04-20 10:07:10,330 [INFO fuzzer.py:110 start_fuzz()] Breakpoint hit at 0x08000426
2026-04-20 10:07:10,658 [INFO fuzzer.py:110 start_fuzz()] Breakpoint hit at 0x080005b8
2026-04-20 10:07:10,998 [INFO fuzzer.py:110 start_fuzz()] Breakpoint hit at 0x080023ea
2026-04-20 10:07:47,644 [INFO fuzzer.py:152 set_breakpoints()] Redistribute all 8 breakpoints
2026-04-20 10:07:47,977 [INFO fuzzer.py:110 start_fuzz()] Breakpoint hit at 0x08003e64
2026-04-20 10:07:48,516 [INFO fuzzer.py:110 start_fuzz()] Breakpoint hit at 0x080042d8
2026-04-20 10:08:18,555 [INFO fuzzer.py:152 set_breakpoints()] Redistribute all 8 breakpoints
2026-04-20 10:08:18,889 [INFO fuzzer.py:110 start_fuzz()] Breakpoint hit at 0x08004cfc
2026-04-20 10:08:19,223 [INFO fuzzer.py:110 start_fuzz()] Breakpoint hit at 0x08003c2c
2026-04-20 10:08:19,551 [INFO fuzzer.py:110 start_fuzz()] Breakpoint hit at 0x08003792
2026-04-20 10:08:19,884 [INFO fuzzer.py:110 start_fuzz()] Breakpoint hit at 0x08000212
2026-04-20 10:08:35,979 [INFO fuzzer.py:152 set_breakpoints()] Redistribute all 8 breakpoints
2026-04-20 10:08:36,312 [INFO fuzzer.py:110 start_fuzz()] Breakpoint hit at 0x08003500
2026-04-20 10:08:36,646 [INFO fuzzer.py:110 start_fuzz()] Breakpoint hit at 0x080018f8
2026-04-20 10:08:36,881 [INFO fuzzer.py:110 start_fuzz()] Breakpoint hit at 0x08002592
2026-04-20 10:08:37,211 [INFO fuzzer.py:110 start_fuzz()] Breakpoint hit at 0x08004e20
2026-04-20 10:08:37,547 [INFO fuzzer.py:110 start_fuzz()] Breakpoint hit at 0x08004ec8
2026-04-20 10:09:12,092 [INFO fuzzer.py:152 set_breakpoints()] Redistribute all 8 breakpoints
2026-04-20 10:09:12,420 [INFO fuzzer.py:110 start_fuzz()] Breakpoint hit at 0x08002b8a
2026-04-20 10:09:12,759 [INFO fuzzer.py:110 start_fuzz()] Breakpoint hit at 0x08004b52
2026-04-20 10:09:13,099 [INFO fuzzer.py:110 start_fuzz()] Breakpoint hit at 0x080031a6
2026-04-20 10:09:43,314 [INFO fuzzer.py:152 set_breakpoints()] Redistribute all 8 breakpoints
2026-04-20 10:09:43,646 [INFO fuzzer.py:110 start_fuzz()] Breakpoint hit at 0x08001c48
2026-04-20 10:09:43,979 [INFO fuzzer.py:110 start_fuzz()] Breakpoint hit at 0x080031ae
2026-04-20 10:09:44,319 [INFO fuzzer.py:110 start_fuzz()] Breakpoint hit at 0x08002364
2026-04-20 10:09:44,653 [INFO fuzzer.py:110 start_fuzz()] Breakpoint hit at 0x08002a3e
2026-04-20 10:10:03,010 [INFO fuzzer.py:152 set_breakpoints()] Redistribute all 8 breakpoints
2026-04-20 10:10:03,350 [INFO fuzzer.py:110 start_fuzz()] Breakpoint hit at 0x080035b4
2026-04-20 10:10:03,585 [INFO fuzzer.py:110 start_fuzz()] Breakpoint hit at 0x08004646
2026-04-20 10:10:03,913 [INFO fuzzer.py:110 start_fuzz()] Breakpoint hit at 0x08003aac
2026-04-20 10:10:04,240 [INFO fuzzer.py:110 start_fuzz()] Breakpoint hit at 0x08004596
2026-04-20 10:10:04,573 [INFO fuzzer.py:110 start_fuzz()] Breakpoint hit at 0x08002170
2026-04-20 10:10:22,398 [INFO fuzzer.py:152 set_breakpoints()] Redistribute all 8 breakpoints
2026-04-20 10:10:22,734 [INFO fuzzer.py:110 start_fuzz()] Breakpoint hit at 0x0800391e
2026-04-20 10:10:22,969 [INFO fuzzer.py:110 start_fuzz()] Breakpoint hit at 0x08003c86
2026-04-20 10:10:23,297 [INFO fuzzer.py:110 start_fuzz()] Breakpoint hit at 0x080028e6
2026-04-20 10:10:23,526 [INFO fuzzer.py:110 start_fuzz()] Breakpoint hit at 0x08000380
2026-04-20 10:10:23,866 [INFO fuzzer.py:110 start_fuzz()] Breakpoint hit at 0x0800259c
2026-04-20 10:10:55,457 [INFO fuzzer.py:152 set_breakpoints()] Redistribute all 8 breakpoints
2026-04-20 10:10:55,797 [INFO fuzzer.py:110 start_fuzz()] Breakpoint hit at 0x08004a60
2026-04-20 10:11:16,403 [INFO fuzzer.py:152 set_breakpoints()] Redistribute all 8 breakpoints
2026-04-20 10:11:16,743 [INFO fuzzer.py:110 start_fuzz()] Breakpoint hit at 0x080047a0
2026-04-20 10:11:17,077 [INFO fuzzer.py:110 start_fuzz()] Breakpoint hit at 0x0800144a
2026-04-20 10:11:17,312 [INFO fuzzer.py:110 start_fuzz()] Breakpoint hit at 0x080018b6
2026-04-20 10:12:06,732 [INFO fuzzer.py:152 set_breakpoints()] Redistribute all 8 breakpoints
2026-04-20 10:12:07,067 [INFO fuzzer.py:110 start_fuzz()] Breakpoint hit at 0x080044fc
2026-04-20 10:12:07,401 [INFO fuzzer.py:110 start_fuzz()] Breakpoint hit at 0x0800472a
2026-04-20 10:12:07,740 [INFO fuzzer.py:110 start_fuzz()] Breakpoint hit at 0x080015f6
2026-04-20 10:12:07,969 [INFO fuzzer.py:110 start_fuzz()] Breakpoint hit at 0x08001e24
2026-04-20 10:12:08,198 [INFO fuzzer.py:110 start_fuzz()] Breakpoint hit at 0x08001d6a
2026-04-20 10:12:08,420 [INFO fuzzer.py:110 start_fuzz()] Breakpoint hit at 0x08001ec4
2026-04-20 10:12:27,614 [INFO fuzzer.py:152 set_breakpoints()] Redistribute all 8 breakpoints
2026-04-20 10:12:27,954 [INFO fuzzer.py:110 start_fuzz()] Breakpoint hit at 0x0800364c
2026-04-20 10:12:28,288 [INFO fuzzer.py:110 start_fuzz()] Breakpoint hit at 0x08000350
2026-04-20 10:12:28,622 [INFO fuzzer.py:110 start_fuzz()] Breakpoint hit at 0x08002576
2026-04-20 10:12:28,962 [INFO fuzzer.py:110 start_fuzz()] Breakpoint hit at 0x080023b6
2026-04-20 10:12:29,302 [INFO fuzzer.py:110 start_fuzz()] Breakpoint hit at 0x08001d70
2026-04-20 10:12:29,638 [INFO fuzzer.py:110 start_fuzz()] Breakpoint hit at 0x080035f2
2026-04-20 10:13:04,310 [INFO fuzzer.py:152 set_breakpoints()] Redistribute all 8 breakpoints
2026-04-20 10:13:04,644 [INFO fuzzer.py:110 start_fuzz()] Breakpoint hit at 0x08001b0a
2026-04-20 10:13:04,981 [INFO fuzzer.py:110 start_fuzz()] Breakpoint hit at 0x08003b90
2026-04-20 10:13:05,322 [INFO fuzzer.py:110 start_fuzz()] Breakpoint hit at 0x08000fbe
2026-04-20 10:13:05,661 [INFO fuzzer.py:110 start_fuzz()] Breakpoint hit at 0x080021fc
2026-04-20 10:13:23,021 [INFO fuzzer.py:152 set_breakpoints()] Redistribute all 8 breakpoints
2026-04-20 10:13:23,346 [INFO fuzzer.py:110 start_fuzz()] Breakpoint hit at 0x08001bf2
2026-04-20 10:13:23,674 [INFO fuzzer.py:110 start_fuzz()] Breakpoint hit at 0x0800167c
2026-04-20 10:13:24,014 [INFO fuzzer.py:110 start_fuzz()] Breakpoint hit at 0x08003dfc
2026-04-20 10:13:24,349 [INFO fuzzer.py:110 start_fuzz()] Breakpoint hit at 0x08004b8c
2026-04-20 10:13:24,578 [INFO fuzzer.py:110 start_fuzz()] Breakpoint hit at 0x08000faa
2026-04-20 10:13:24,813 [INFO fuzzer.py:110 start_fuzz()] Breakpoint hit at 0x08004346
2026-04-20 10:13:43,138 [INFO fuzzer.py:152 set_breakpoints()] Redistribute all 8 breakpoints
2026-04-20 10:13:43,472 [INFO fuzzer.py:110 start_fuzz()] Breakpoint hit at 0x080038d8
2026-04-20 10:13:43,700 [INFO fuzzer.py:110 start_fuzz()] Breakpoint hit at 0x080038de
2026-04-20 10:13:44,028 [INFO fuzzer.py:110 start_fuzz()] Breakpoint hit at 0x08002fc4
2026-04-20 10:13:44,368 [INFO fuzzer.py:110 start_fuzz()] Breakpoint hit at 0x080031aa
2026-04-20 10:13:44,708 [INFO fuzzer.py:110 start_fuzz()] Breakpoint hit at 0x080042b6
2026-04-20 10:14:20,923 [INFO fuzzer.py:152 set_breakpoints()] Redistribute all 8 breakpoints
2026-04-20 10:14:21,261 [INFO fuzzer.py:110 start_fuzz()] Breakpoint hit at 0x08001cf4
2026-04-20 10:14:21,597 [INFO fuzzer.py:110 start_fuzz()] Breakpoint hit at 0x080046c0
2026-04-20 10:14:21,938 [INFO fuzzer.py:110 start_fuzz()] Breakpoint hit at 0x0800424c
2026-04-20 10:14:52,922 [INFO fuzzer.py:152 set_breakpoints()] Redistribute all 8 breakpoints
2026-04-20 10:14:53,260 [INFO fuzzer.py:110 start_fuzz()] Breakpoint hit at 0x08002358
2026-04-20 10:14:53,585 [INFO fuzzer.py:110 start_fuzz()] Breakpoint hit at 0x0800208a
2026-04-20 10:15:26,986 [INFO fuzzer.py:152 set_breakpoints()] Redistribute all 8 breakpoints
2026-04-20 10:15:27,326 [INFO fuzzer.py:110 start_fuzz()] Breakpoint hit at 0x080046c6
2026-04-20 10:15:27,660 [INFO fuzzer.py:110 start_fuzz()] Breakpoint hit at 0x080048ac
2026-04-20 10:15:27,999 [INFO fuzzer.py:110 start_fuzz()] Breakpoint hit at 0x08000f08
2026-04-20 10:16:20,830 [INFO fuzzer.py:152 set_breakpoints()] Redistribute all 8 breakpoints
2026-04-20 10:16:21,169 [INFO fuzzer.py:110 start_fuzz()] Breakpoint hit at 0x08003084
2026-04-20 10:16:21,508 [INFO fuzzer.py:110 start_fuzz()] Breakpoint hit at 0x08004d9e
2026-04-20 10:16:21,842 [INFO fuzzer.py:110 start_fuzz()] Breakpoint hit at 0x08001274
2026-04-20 10:16:22,071 [INFO fuzzer.py:110 start_fuzz()] Breakpoint hit at 0x080013de
2026-04-20 10:16:57,156 [INFO fuzzer.py:152 set_breakpoints()] Redistribute all 8 breakpoints
2026-04-20 10:16:57,489 [INFO fuzzer.py:110 start_fuzz()] Breakpoint hit at 0x0800272c
2026-04-20 10:16:57,725 [INFO fuzzer.py:110 start_fuzz()] Breakpoint hit at 0x08004660
2026-04-20 10:16:58,058 [INFO fuzzer.py:110 start_fuzz()] Breakpoint hit at 0x08002bd2
2026-04-20 10:16:58,396 [INFO fuzzer.py:110 start_fuzz()] Breakpoint hit at 0x08002e8c
2026-04-20 10:16:58,631 [INFO fuzzer.py:110 start_fuzz()] Breakpoint hit at 0x08004d80
2026-04-20 10:16:58,971 [INFO fuzzer.py:110 start_fuzz()] Breakpoint hit at 0x08004b76
2026-04-20 10:16:59,300 [INFO fuzzer.py:110 start_fuzz()] Breakpoint hit at 0x080036ce
2026-04-20 10:17:39,709 [INFO fuzzer.py:152 set_breakpoints()] Redistribute all 8 breakpoints
2026-04-20 10:17:40,043 [INFO fuzzer.py:110 start_fuzz()] Breakpoint hit at 0x08000ecc
2026-04-20 10:17:40,377 [INFO fuzzer.py:110 start_fuzz()] Breakpoint hit at 0x080023c8
2026-04-20 10:17:40,709 [INFO fuzzer.py:110 start_fuzz()] Breakpoint hit at 0x08002a34
2026-04-20 10:17:41,048 [INFO fuzzer.py:110 start_fuzz()] Breakpoint hit at 0x08004bbc
2026-04-20 10:18:13,697 [INFO fuzzer.py:152 set_breakpoints()] Redistribute all 8 breakpoints
2026-04-20 10:18:14,028 [INFO fuzzer.py:110 start_fuzz()] Breakpoint hit at 0x08001586
2026-04-20 10:18:14,250 [INFO fuzzer.py:110 start_fuzz()] Breakpoint hit at 0x08002c00
2026-04-20 10:18:14,583 [INFO fuzzer.py:110 start_fuzz()] Breakpoint hit at 0x080027fc
2026-04-20 10:18:14,916 [INFO fuzzer.py:110 start_fuzz()] Breakpoint hit at 0x08003860
2026-04-20 10:18:15,253 [INFO fuzzer.py:110 start_fuzz()] Breakpoint hit at 0x0800416c
2026-04-20 10:18:15,593 [INFO fuzzer.py:110 start_fuzz()] Breakpoint hit at 0x08004ba8
2026-04-20 10:18:40,802 [INFO fuzzer.py:152 set_breakpoints()] Redistribute all 8 breakpoints
2026-04-20 10:18:41,142 [INFO fuzzer.py:110 start_fuzz()] Breakpoint hit at 0x080032c6
2026-04-20 10:18:41,479 [INFO fuzzer.py:110 start_fuzz()] Breakpoint hit at 0x08001250
2026-04-20 10:18:41,819 [INFO fuzzer.py:110 start_fuzz()] Breakpoint hit at 0x08000fdc
2026-04-20 10:18:42,048 [INFO fuzzer.py:110 start_fuzz()] Breakpoint hit at 0x08001878
2026-04-20 10:19:13,922 [INFO fuzzer.py:152 set_breakpoints()] Redistribute all 8 breakpoints
2026-04-20 10:19:14,262 [INFO fuzzer.py:110 start_fuzz()] Breakpoint hit at 0x08001cd8
2026-04-20 10:19:14,491 [INFO fuzzer.py:110 start_fuzz()] Breakpoint hit at 0x0800388e
2026-04-20 10:19:14,825 [INFO fuzzer.py:110 start_fuzz()] Breakpoint hit at 0x08003a70
2026-04-20 10:19:15,060 [INFO fuzzer.py:110 start_fuzz()] Breakpoint hit at 0x0800043e
2026-04-20 10:19:15,386 [INFO fuzzer.py:110 start_fuzz()] Breakpoint hit at 0x08002fcc
2026-04-20 10:19:54,684 [INFO fuzzer.py:152 set_breakpoints()] Redistribute all 8 breakpoints
2026-04-20 10:19:55,011 [INFO fuzzer.py:110 start_fuzz()] Breakpoint hit at 0x08004620
2026-04-20 10:19:55,344 [INFO fuzzer.py:110 start_fuzz()] Breakpoint hit at 0x080040bc
2026-04-20 10:19:55,678 [INFO fuzzer.py:110 start_fuzz()] Breakpoint hit at 0x08004288
2026-04-20 10:20:22,744 [INFO fuzzer.py:152 set_breakpoints()] Redistribute all 8 breakpoints
2026-04-20 10:20:23,084 [INFO fuzzer.py:110 start_fuzz()] Breakpoint hit at 0x080038b0
2026-04-20 10:20:23,415 [INFO fuzzer.py:110 start_fuzz()] Breakpoint hit at 0x08004eb0
2026-04-20 10:21:12,301 [INFO fuzzer.py:152 set_breakpoints()] Redistribute all 8 breakpoints
2026-04-20 10:21:12,640 [INFO fuzzer.py:110 start_fuzz()] Breakpoint hit at 0x08000638
2026-04-20 10:21:12,869 [INFO fuzzer.py:110 start_fuzz()] Breakpoint hit at 0x080002fc
2026-04-20 10:21:13,203 [INFO fuzzer.py:110 start_fuzz()] Breakpoint hit at 0x08002000
2026-04-20 10:21:13,536 [INFO fuzzer.py:110 start_fuzz()] Breakpoint hit at 0x0800451c
2026-04-20 10:21:15,961 [INFO fuzzer.py:110 start_fuzz()] Breakpoint hit at 0x080039ea
2026-04-20 10:21:53,730 [INFO fuzzer.py:152 set_breakpoints()] Redistribute all 8 breakpoints
2026-04-20 10:21:54,071 [INFO fuzzer.py:110 start_fuzz()] Breakpoint hit at 0x080039b2
2026-04-20 10:21:54,404 [INFO fuzzer.py:110 start_fuzz()] Breakpoint hit at 0x08001e02
2026-04-20 10:21:54,743 [INFO fuzzer.py:110 start_fuzz()] Breakpoint hit at 0x08001882
2026-04-20 10:22:18,354 [INFO fuzzer.py:152 set_breakpoints()] Redistribute all 8 breakpoints
2026-04-20 10:22:18,682 [INFO fuzzer.py:110 start_fuzz()] Breakpoint hit at 0x08000b30
2026-04-20 10:22:19,020 [INFO fuzzer.py:110 start_fuzz()] Breakpoint hit at 0x08001b6c
2026-04-20 10:22:23,825 [INFO fuzzer.py:110 start_fuzz()] Breakpoint hit at 0x080021ba
2026-04-20 10:22:46,722 [INFO fuzzer.py:152 set_breakpoints()] Redistribute all 8 breakpoints
2026-04-20 10:22:47,056 [INFO fuzzer.py:110 start_fuzz()] Breakpoint hit at 0x08003d98
2026-04-20 10:22:47,382 [INFO fuzzer.py:110 start_fuzz()] Breakpoint hit at 0x08001480
2026-04-20 10:22:47,721 [INFO fuzzer.py:110 start_fuzz()] Breakpoint hit at 0x0800110c
2026-04-20 10:22:48,055 [INFO fuzzer.py:110 start_fuzz()] Breakpoint hit at 0x08000c20
2026-04-20 10:23:23,467 [INFO fuzzer.py:152 set_breakpoints()] Redistribute all 8 breakpoints
2026-04-20 10:23:23,801 [INFO fuzzer.py:110 start_fuzz()] Breakpoint hit at 0x08000bca
2026-04-20 10:23:24,029 [INFO fuzzer.py:110 start_fuzz()] Breakpoint hit at 0x08002bf4
2026-04-20 10:23:24,357 [INFO fuzzer.py:110 start_fuzz()] Breakpoint hit at 0x08000790
2026-04-20 10:23:24,685 [INFO fuzzer.py:110 start_fuzz()] Breakpoint hit at 0x08000eac
2026-04-20 10:23:25,018 [INFO fuzzer.py:110 start_fuzz()] Breakpoint hit at 0x080048d4
2026-04-20 10:23:59,855 [INFO fuzzer.py:152 set_breakpoints()] Redistribute all 8 breakpoints
2026-04-20 10:24:00,189 [INFO fuzzer.py:110 start_fuzz()] Breakpoint hit at 0x08003ef4
2026-04-20 10:24:00,528 [INFO fuzzer.py:110 start_fuzz()] Breakpoint hit at 0x080018c6
2026-04-20 10:24:25,614 [INFO fuzzer.py:152 set_breakpoints()] Redistribute all 8 breakpoints
2026-04-20 10:24:25,974 [INFO fuzzer.py:110 start_fuzz()] Breakpoint hit at 0x0800355c
2026-04-20 10:24:26,216 [INFO fuzzer.py:110 start_fuzz()] Breakpoint hit at 0x080038c0
2026-04-20 10:24:26,569 [INFO fuzzer.py:110 start_fuzz()] Breakpoint hit at 0x08001a4e
2026-04-20 10:24:26,916 [INFO fuzzer.py:110 start_fuzz()] Breakpoint hit at 0x080010a4
2026-04-20 10:25:08,508 [INFO fuzzer.py:152 set_breakpoints()] Redistribute all 8 breakpoints
2026-04-20 10:25:08,860 [INFO fuzzer.py:110 start_fuzz()] Breakpoint hit at 0x08004638
2026-04-20 10:25:09,205 [INFO fuzzer.py:110 start_fuzz()] Breakpoint hit at 0x08000b6a
2026-04-20 10:25:09,448 [INFO fuzzer.py:110 start_fuzz()] Breakpoint hit at 0x08002284
2026-04-20 10:25:09,683 [INFO fuzzer.py:110 start_fuzz()] Breakpoint hit at 0x08003d04
2026-04-20 10:25:10,035 [INFO fuzzer.py:110 start_fuzz()] Breakpoint hit at 0x080028b4
2026-04-20 10:25:10,270 [INFO fuzzer.py:110 start_fuzz()] Breakpoint hit at 0x08004932
2026-04-20 10:25:10,623 [INFO fuzzer.py:110 start_fuzz()] Breakpoint hit at 0x08004ebc
2026-04-20 10:25:32,296 [INFO fuzzer.py:152 set_breakpoints()] Redistribute all 8 breakpoints
2026-04-20 10:25:32,640 [INFO fuzzer.py:110 start_fuzz()] Breakpoint hit at 0x08003c3c
2026-04-20 10:25:32,989 [INFO fuzzer.py:110 start_fuzz()] Breakpoint hit at 0x080035d8
2026-04-20 10:25:33,340 [INFO fuzzer.py:110 start_fuzz()] Breakpoint hit at 0x08004b5e
2026-04-20 10:25:33,685 [INFO fuzzer.py:110 start_fuzz()] Breakpoint hit at 0x08004e22
2026-04-20 10:26:14,464 [INFO fuzzer.py:152 set_breakpoints()] Redistribute all 8 breakpoints
2026-04-20 10:26:14,803 [INFO fuzzer.py:110 start_fuzz()] Breakpoint hit at 0x08002eba
2026-04-20 10:26:15,148 [INFO fuzzer.py:110 start_fuzz()] Breakpoint hit at 0x08003b1e
2026-04-20 10:26:15,498 [INFO fuzzer.py:110 start_fuzz()] Breakpoint hit at 0x08002180
2026-04-20 10:26:50,304 [INFO fuzzer.py:152 set_breakpoints()] Redistribute all 8 breakpoints
2026-04-20 10:26:50,663 [INFO fuzzer.py:110 start_fuzz()] Breakpoint hit at 0x08003822
2026-04-20 10:27:24,345 [INFO fuzzer.py:152 set_breakpoints()] Redistribute all 8 breakpoints
2026-04-20 10:27:24,695 [INFO fuzzer.py:110 start_fuzz()] Breakpoint hit at 0x08000e60
2026-04-20 10:27:25,047 [INFO fuzzer.py:110 start_fuzz()] Breakpoint hit at 0x08002d4a
2026-04-20 10:27:25,399 [INFO fuzzer.py:110 start_fuzz()] Breakpoint hit at 0x08004890
2026-04-20 10:27:25,759 [INFO fuzzer.py:110 start_fuzz()] Breakpoint hit at 0x08004b42
2026-04-20 10:27:26,114 [INFO fuzzer.py:110 start_fuzz()] Breakpoint hit at 0x080017e6
2026-04-20 10:28:00,910 [INFO fuzzer.py:152 set_breakpoints()] Redistribute all 8 breakpoints
2026-04-20 10:28:01,262 [INFO fuzzer.py:110 start_fuzz()] Breakpoint hit at 0x08004d3e
2026-04-20 10:28:01,505 [INFO fuzzer.py:110 start_fuzz()] Breakpoint hit at 0x08001c9c
2026-04-20 10:28:01,855 [INFO fuzzer.py:110 start_fuzz()] Breakpoint hit at 0x080004a4
2026-04-20 10:28:02,200 [INFO fuzzer.py:110 start_fuzz()] Breakpoint hit at 0x08004c04
2026-04-20 10:28:02,560 [INFO fuzzer.py:110 start_fuzz()] Breakpoint hit at 0x080023ae
2026-04-20 10:28:02,919 [INFO fuzzer.py:110 start_fuzz()] Breakpoint hit at 0x08002516
2026-04-20 10:28:34,975 [INFO fuzzer.py:152 set_breakpoints()] Redistribute all 8 breakpoints
2026-04-20 10:28:35,314 [INFO fuzzer.py:110 start_fuzz()] Breakpoint hit at 0x0800282a
2026-04-20 10:28:35,648 [INFO fuzzer.py:110 start_fuzz()] Breakpoint hit at 0x08000364
2026-04-20 10:28:35,981 [INFO fuzzer.py:110 start_fuzz()] Breakpoint hit at 0x08001eb8
2026-04-20 10:29:04,867 [INFO fuzzer.py:152 set_breakpoints()] Redistribute all 8 breakpoints
2026-04-20 10:29:05,207 [INFO fuzzer.py:110 start_fuzz()] Breakpoint hit at 0x08002774
2026-04-20 10:29:05,541 [INFO fuzzer.py:110 start_fuzz()] Breakpoint hit at 0x08004b64
2026-04-20 10:29:25,191 [INFO fuzzer.py:152 set_breakpoints()] Redistribute all 8 breakpoints
2026-04-20 10:29:25,528 [INFO fuzzer.py:110 start_fuzz()] Breakpoint hit at 0x0800039a
2026-04-20 10:29:40,006 [INFO fuzzer.py:152 set_breakpoints()] Redistribute all 8 breakpoints
2026-04-20 10:29:40,345 [INFO fuzzer.py:110 start_fuzz()] Breakpoint hit at 0x08001726
2026-04-20 10:29:40,580 [INFO fuzzer.py:110 start_fuzz()] Breakpoint hit at 0x080050e4
2026-04-20 10:29:40,920 [INFO fuzzer.py:110 start_fuzz()] Breakpoint hit at 0x08003a4e
2026-04-20 10:29:41,258 [INFO fuzzer.py:110 start_fuzz()] Breakpoint hit at 0x08001fee
2026-04-20 10:29:41,586 [INFO fuzzer.py:110 start_fuzz()] Breakpoint hit at 0x08000f0e
2026-04-20 10:30:15,288 [INFO fuzzer.py:152 set_breakpoints()] Redistribute all 8 breakpoints
2026-04-20 10:30:15,628 [INFO fuzzer.py:110 start_fuzz()] Breakpoint hit at 0x08003548
2026-04-20 10:30:15,964 [INFO fuzzer.py:110 start_fuzz()] Breakpoint hit at 0x08000396
2026-04-20 10:30:42,784 [INFO fuzzer.py:152 set_breakpoints()] Redistribute all 8 breakpoints
2026-04-20 10:30:43,115 [INFO fuzzer.py:110 start_fuzz()] Breakpoint hit at 0x080045d4
2026-04-20 10:30:43,455 [INFO fuzzer.py:110 start_fuzz()] Breakpoint hit at 0x0800243a
2026-04-20 10:30:43,792 [INFO fuzzer.py:110 start_fuzz()] Breakpoint hit at 0x0800021a
2026-04-20 10:31:03,803 [INFO fuzzer.py:152 set_breakpoints()] Redistribute all 8 breakpoints
2026-04-20 10:31:04,137 [INFO fuzzer.py:110 start_fuzz()] Breakpoint hit at 0x08002ec8
2026-04-20 10:31:04,477 [INFO fuzzer.py:110 start_fuzz()] Breakpoint hit at 0x08003018
2026-04-20 10:31:04,817 [INFO fuzzer.py:110 start_fuzz()] Breakpoint hit at 0x080012f8
2026-04-20 10:31:05,046 [INFO fuzzer.py:110 start_fuzz()] Breakpoint hit at 0x08001e74
2026-04-20 10:31:05,385 [INFO fuzzer.py:110 start_fuzz()] Breakpoint hit at 0x080021aa
2026-04-20 10:31:45,268 [INFO fuzzer.py:152 set_breakpoints()] Redistribute all 8 breakpoints
2026-04-20 10:31:45,602 [INFO fuzzer.py:110 start_fuzz()] Breakpoint hit at 0x080045fc
2026-04-20 10:31:45,936 [INFO fuzzer.py:110 start_fuzz()] Breakpoint hit at 0x08003dd0
2026-04-20 10:31:46,275 [INFO fuzzer.py:110 start_fuzz()] Breakpoint hit at 0x08004b5a
2026-04-20 10:31:46,509 [INFO fuzzer.py:110 start_fuzz()] Breakpoint hit at 0x08004286
2026-04-20 10:32:26,795 [INFO fuzzer.py:152 set_breakpoints()] Redistribute all 8 breakpoints
2026-04-20 10:32:27,128 [INFO fuzzer.py:110 start_fuzz()] Breakpoint hit at 0x08003e12
2026-04-20 10:32:27,462 [INFO fuzzer.py:110 start_fuzz()] Breakpoint hit at 0x08004d7e
2026-04-20 10:32:27,799 [INFO fuzzer.py:110 start_fuzz()] Breakpoint hit at 0x08001412
2026-04-20 10:32:28,138 [INFO fuzzer.py:110 start_fuzz()] Breakpoint hit at 0x08001e6a
2026-04-20 10:33:09,340 [INFO fuzzer.py:152 set_breakpoints()] Redistribute all 8 breakpoints
2026-04-20 10:33:09,681 [INFO fuzzer.py:110 start_fuzz()] Breakpoint hit at 0x080038e8
2026-04-20 10:33:10,014 [INFO fuzzer.py:110 start_fuzz()] Breakpoint hit at 0x080027a0
2026-04-20 10:33:10,346 [INFO fuzzer.py:110 start_fuzz()] Breakpoint hit at 0x08004b6e
2026-04-20 10:33:10,685 [INFO fuzzer.py:110 start_fuzz()] Breakpoint hit at 0x080042a6
2026-04-20 10:33:29,984 [INFO fuzzer.py:152 set_breakpoints()] Redistribute all 8 breakpoints
2026-04-20 10:33:30,320 [INFO fuzzer.py:110 start_fuzz()] Breakpoint hit at 0x080031f6
2026-04-20 10:33:30,549 [INFO fuzzer.py:110 start_fuzz()] Breakpoint hit at 0x080015aa
2026-04-20 10:33:30,889 [INFO fuzzer.py:110 start_fuzz()] Breakpoint hit at 0x080017a2
2026-04-20 10:33:31,222 [INFO fuzzer.py:110 start_fuzz()] Breakpoint hit at 0x08002d98
2026-04-20 10:33:31,457 [INFO fuzzer.py:110 start_fuzz()] Breakpoint hit at 0x080017f4
2026-04-20 10:34:17,142 [INFO fuzzer.py:152 set_breakpoints()] Redistribute all 8 breakpoints
2026-04-20 10:34:17,475 [INFO fuzzer.py:110 start_fuzz()] Breakpoint hit at 0x080040b0
2026-04-20 10:34:17,704 [INFO fuzzer.py:110 start_fuzz()] Breakpoint hit at 0x080040d0
2026-04-20 10:34:17,927 [INFO fuzzer.py:110 start_fuzz()] Breakpoint hit at 0x08001e3c
2026-04-20 10:34:18,263 [INFO fuzzer.py:110 start_fuzz()] Breakpoint hit at 0x08004202
2026-04-20 10:34:18,602 [INFO fuzzer.py:110 start_fuzz()] Breakpoint hit at 0x080017ce
2026-04-20 10:34:47,344 [INFO fuzzer.py:152 set_breakpoints()] Redistribute all 8 breakpoints
2026-04-20 10:34:47,678 [INFO fuzzer.py:110 start_fuzz()] Breakpoint hit at 0x08004642
2026-04-20 10:34:48,005 [INFO fuzzer.py:110 start_fuzz()] Breakpoint hit at 0x0800274e
2026-04-20 10:34:48,234 [INFO fuzzer.py:110 start_fuzz()] Breakpoint hit at 0x08001b94
2026-04-20 10:34:48,563 [INFO fuzzer.py:110 start_fuzz()] Breakpoint hit at 0x08004d48
2026-04-20 10:34:48,902 [INFO fuzzer.py:110 start_fuzz()] Breakpoint hit at 0x08004cd6
2026-04-20 10:34:49,242 [INFO fuzzer.py:110 start_fuzz()] Breakpoint hit at 0x080024a2
2026-04-20 10:35:30,780 [INFO fuzzer.py:152 set_breakpoints()] Redistribute all 8 breakpoints
2026-04-20 10:35:31,117 [INFO fuzzer.py:110 start_fuzz()] Breakpoint hit at 0x08004bb0
2026-04-20 10:36:16,311 [INFO fuzzer.py:152 set_breakpoints()] Redistribute all 8 breakpoints
2026-04-20 10:36:16,640 [INFO fuzzer.py:110 start_fuzz()] Breakpoint hit at 0x08004d88
2026-04-20 10:36:16,973 [INFO fuzzer.py:110 start_fuzz()] Breakpoint hit at 0x08000f26
2026-04-20 10:36:17,310 [INFO fuzzer.py:110 start_fuzz()] Breakpoint hit at 0x08004b60
2026-04-20 10:36:55,369 [INFO fuzzer.py:110 start_fuzz()] Breakpoint hit at 0x080037f4
2026-04-20 10:37:00,067 [INFO fuzzer.py:152 set_breakpoints()] Redistribute all 8 breakpoints
2026-04-20 10:37:00,400 [INFO fuzzer.py:110 start_fuzz()] Breakpoint hit at 0x08000acc
2026-04-20 10:37:00,740 [INFO fuzzer.py:110 start_fuzz()] Breakpoint hit at 0x08001b7c
2026-04-20 10:37:25,869 [INFO fuzzer.py:152 set_breakpoints()] Redistribute all 8 breakpoints
2026-04-20 10:37:26,196 [INFO fuzzer.py:110 start_fuzz()] Breakpoint hit at 0x080022c6
2026-04-20 10:37:26,419 [INFO fuzzer.py:110 start_fuzz()] Breakpoint hit at 0x08002296
2026-04-20 10:38:17,217 [INFO fuzzer.py:152 set_breakpoints()] Redistribute all 8 breakpoints
2026-04-20 10:38:17,551 [INFO fuzzer.py:110 start_fuzz()] Breakpoint hit at 0x08004654
2026-04-20 10:38:17,879 [INFO fuzzer.py:110 start_fuzz()] Breakpoint hit at 0x08002e64
2026-04-20 10:38:18,218 [INFO fuzzer.py:110 start_fuzz()] Breakpoint hit at 0x0800450e
2026-04-20 10:38:18,447 [INFO fuzzer.py:110 start_fuzz()] Breakpoint hit at 0x08000ef6
2026-04-20 10:38:18,779 [INFO fuzzer.py:110 start_fuzz()] Breakpoint hit at 0x0800165c
2026-04-20 10:38:27,334 [INFO fuzzer.py:110 start_fuzz()] Breakpoint hit at 0x08003676
2026-04-20 10:38:40,983 [INFO fuzzer.py:152 set_breakpoints()] Redistribute all 8 breakpoints
2026-04-20 10:38:41,323 [INFO fuzzer.py:110 start_fuzz()] Breakpoint hit at 0x08001590
2026-04-20 10:38:41,651 [INFO fuzzer.py:110 start_fuzz()] Breakpoint hit at 0x08003a56
2026-04-20 10:38:41,983 [INFO fuzzer.py:110 start_fuzz()] Breakpoint hit at 0x08002a8c
2026-04-20 10:38:42,211 [INFO fuzzer.py:110 start_fuzz()] Breakpoint hit at 0x08000ab8
2026-04-20 10:39:21,867 [INFO fuzzer.py:152 set_breakpoints()] Redistribute all 8 breakpoints
2026-04-20 10:39:22,201 [INFO fuzzer.py:110 start_fuzz()] Breakpoint hit at 0x080038b6
2026-04-20 10:39:22,532 [INFO fuzzer.py:110 start_fuzz()] Breakpoint hit at 0x08004bfa
2026-04-20 10:39:22,866 [INFO fuzzer.py:110 start_fuzz()] Breakpoint hit at 0x08002084
2026-04-20 10:39:23,199 [INFO fuzzer.py:110 start_fuzz()] Breakpoint hit at 0x0800420a
2026-04-20 10:39:23,538 [INFO fuzzer.py:110 start_fuzz()] Breakpoint hit at 0x080039f6
2026-04-20 10:40:03,510 [INFO fuzzer.py:152 set_breakpoints()] Redistribute all 8 breakpoints
2026-04-20 10:40:03,863 [INFO fuzzer.py:110 start_fuzz()] Breakpoint hit at 0x0800277e
2026-04-20 10:40:04,215 [INFO fuzzer.py:110 start_fuzz()] Breakpoint hit at 0x08005170
2026-04-20 10:40:44,463 [INFO fuzzer.py:152 set_breakpoints()] Redistribute all 8 breakpoints
2026-04-20 10:40:44,816 [INFO fuzzer.py:110 start_fuzz()] Breakpoint hit at 0x08000b0c
2026-04-20 10:40:45,168 [INFO fuzzer.py:110 start_fuzz()] Breakpoint hit at 0x08003e20
2026-04-20 10:40:45,524 [INFO fuzzer.py:110 start_fuzz()] Breakpoint hit at 0x0800045c
2026-04-20 10:40:45,870 [INFO fuzzer.py:110 start_fuzz()] Breakpoint hit at 0x08004290
2026-04-20 10:40:46,228 [INFO fuzzer.py:110 start_fuzz()] Breakpoint hit at 0x08000f50
2026-04-20 10:41:18,655 [INFO fuzzer.py:152 set_breakpoints()] Redistribute all 8 breakpoints
2026-04-20 10:41:18,999 [INFO fuzzer.py:110 start_fuzz()] Breakpoint hit at 0x0800353e
2026-04-20 10:41:19,242 [INFO fuzzer.py:110 start_fuzz()] Breakpoint hit at 0x08001cac
2026-04-20 10:41:19,594 [INFO fuzzer.py:110 start_fuzz()] Breakpoint hit at 0x08000784
2026-04-20 10:42:11,000 [INFO fuzzer.py:152 set_breakpoints()] Redistribute all 8 breakpoints
2026-04-20 10:42:11,352 [INFO fuzzer.py:110 start_fuzz()] Breakpoint hit at 0x08000f48
2026-04-20 10:42:11,697 [INFO fuzzer.py:110 start_fuzz()] Breakpoint hit at 0x080031d0
2026-04-20 10:42:12,055 [INFO fuzzer.py:110 start_fuzz()] Breakpoint hit at 0x08001d74
2026-04-20 10:42:12,407 [INFO fuzzer.py:110 start_fuzz()] Breakpoint hit at 0x0800431e
2026-04-20 10:42:17,426 [INFO fuzzer.py:110 start_fuzz()] Breakpoint hit at 0x08003ab8
2026-04-20 10:42:36,374 [INFO fuzzer.py:152 set_breakpoints()] Redistribute all 8 breakpoints
2026-04-20 10:42:36,726 [INFO fuzzer.py:110 start_fuzz()] Breakpoint hit at 0x0800188c
2026-04-20 10:42:36,976 [INFO fuzzer.py:110 start_fuzz()] Breakpoint hit at 0x08002ea8
2026-04-20 10:42:37,329 [INFO fuzzer.py:110 start_fuzz()] Breakpoint hit at 0x08000b0e
2026-04-20 10:42:37,674 [INFO fuzzer.py:110 start_fuzz()] Breakpoint hit at 0x080039c0
2026-04-20 10:43:09,217 [INFO fuzzer.py:152 set_breakpoints()] Redistribute all 8 breakpoints
2026-04-20 10:43:09,569 [INFO fuzzer.py:110 start_fuzz()] Breakpoint hit at 0x080002aa
2026-04-20 10:43:09,929 [INFO fuzzer.py:110 start_fuzz()] Breakpoint hit at 0x080015fc
2026-04-20 10:43:10,276 [INFO fuzzer.py:110 start_fuzz()] Breakpoint hit at 0x08002372
2026-04-20 10:44:04,615 [INFO fuzzer.py:152 set_breakpoints()] Redistribute all 8 breakpoints
2026-04-20 10:44:04,968 [INFO fuzzer.py:110 start_fuzz()] Breakpoint hit at 0x08002982
2026-04-20 10:44:05,319 [INFO fuzzer.py:110 start_fuzz()] Breakpoint hit at 0x08002476
2026-04-20 10:44:05,679 [INFO fuzzer.py:110 start_fuzz()] Breakpoint hit at 0x08002196
2026-04-20 10:44:50,924 [INFO fuzzer.py:152 set_breakpoints()] Redistribute all 8 breakpoints
2026-04-20 10:44:51,257 [INFO fuzzer.py:110 start_fuzz()] Breakpoint hit at 0x0800462a
2026-04-20 10:44:51,597 [INFO fuzzer.py:110 start_fuzz()] Breakpoint hit at 0x080042e2
2026-04-20 10:44:51,936 [INFO fuzzer.py:110 start_fuzz()] Breakpoint hit at 0x080021c8
2026-04-20 10:45:15,911 [INFO fuzzer.py:152 set_breakpoints()] Redistribute all 8 breakpoints
2026-04-20 10:45:16,234 [INFO fuzzer.py:110 start_fuzz()] Breakpoint hit at 0x08000450
2026-04-20 10:45:16,565 [INFO fuzzer.py:110 start_fuzz()] Breakpoint hit at 0x080017b8
2026-04-20 10:45:16,899 [INFO fuzzer.py:110 start_fuzz()] Breakpoint hit at 0x0800379c
2026-04-20 10:45:17,232 [INFO fuzzer.py:110 start_fuzz()] Breakpoint hit at 0x08001642
2026-04-20 10:45:43,617 [INFO fuzzer.py:152 set_breakpoints()] Redistribute all 8 breakpoints
2026-04-20 10:45:43,951 [INFO fuzzer.py:110 start_fuzz()] Breakpoint hit at 0x080010ee
2026-04-20 10:45:44,180 [INFO fuzzer.py:110 start_fuzz()] Breakpoint hit at 0x08003a32
2026-04-20 10:45:44,513 [INFO fuzzer.py:110 start_fuzz()] Breakpoint hit at 0x0800489a
2026-04-20 10:45:44,839 [INFO fuzzer.py:110 start_fuzz()] Breakpoint hit at 0x08000ed4
2026-04-20 10:46:06,327 [INFO fuzzer.py:152 set_breakpoints()] Redistribute all 8 breakpoints
2026-04-20 10:46:06,656 [INFO fuzzer.py:110 start_fuzz()] Breakpoint hit at 0x080016a8
2026-04-20 10:46:06,990 [INFO fuzzer.py:110 start_fuzz()] Breakpoint hit at 0x080040c8
2026-04-20 10:46:07,318 [INFO fuzzer.py:110 start_fuzz()] Breakpoint hit at 0x080043e2
2026-04-20 10:46:07,656 [INFO fuzzer.py:110 start_fuzz()] Breakpoint hit at 0x08001862
2026-04-20 10:46:07,885 [INFO fuzzer.py:110 start_fuzz()] Breakpoint hit at 0x0800433c
2026-04-20 10:46:26,687 [INFO fuzzer.py:152 set_breakpoints()] Redistribute all 8 breakpoints
2026-04-20 10:46:27,021 [INFO fuzzer.py:110 start_fuzz()] Breakpoint hit at 0x080002c2
2026-04-20 10:46:27,349 [INFO fuzzer.py:110 start_fuzz()] Breakpoint hit at 0x08004222
2026-04-20 10:46:27,689 [INFO fuzzer.py:110 start_fuzz()] Breakpoint hit at 0x08004b86
2026-04-20 10:46:58,275 [INFO fuzzer.py:152 set_breakpoints()] Redistribute all 8 breakpoints
2026-04-20 10:46:58,614 [INFO fuzzer.py:110 start_fuzz()] Breakpoint hit at 0x080034ee
2026-04-20 10:46:58,948 [INFO fuzzer.py:110 start_fuzz()] Breakpoint hit at 0x08001ea2
2026-04-20 10:46:59,276 [INFO fuzzer.py:110 start_fuzz()] Breakpoint hit at 0x08002408
2026-04-20 10:47:30,989 [INFO fuzzer.py:152 set_breakpoints()] Redistribute all 8 breakpoints
2026-04-20 10:47:31,322 [INFO fuzzer.py:110 start_fuzz()] Breakpoint hit at 0x08003562
2026-04-20 10:47:31,660 [INFO fuzzer.py:110 start_fuzz()] Breakpoint hit at 0x080046ee
2026-04-20 10:47:32,000 [INFO fuzzer.py:110 start_fuzz()] Breakpoint hit at 0x08000ae2
2026-04-20 10:47:32,337 [INFO fuzzer.py:110 start_fuzz()] Breakpoint hit at 0x080018e4
2026-04-20 10:48:02,871 [INFO fuzzer.py:152 set_breakpoints()] Redistribute all 8 breakpoints
2026-04-20 10:48:03,210 [INFO fuzzer.py:110 start_fuzz()] Breakpoint hit at 0x0800253e
2026-04-20 10:48:03,439 [INFO fuzzer.py:110 start_fuzz()] Breakpoint hit at 0x08003906
2026-04-20 10:48:03,773 [INFO fuzzer.py:110 start_fuzz()] Breakpoint hit at 0x08004b82
2026-04-20 10:48:35,087 [INFO fuzzer.py:152 set_breakpoints()] Redistribute all 8 breakpoints
2026-04-20 10:48:35,427 [INFO fuzzer.py:110 start_fuzz()] Breakpoint hit at 0x08004664
2026-04-20 10:48:35,656 [INFO fuzzer.py:110 start_fuzz()] Breakpoint hit at 0x080024aa
2026-04-20 10:48:35,984 [INFO fuzzer.py:110 start_fuzz()] Breakpoint hit at 0x08001a62
2026-04-20 10:48:36,324 [INFO fuzzer.py:110 start_fuzz()] Breakpoint hit at 0x080013bc
2026-04-20 10:48:36,664 [INFO fuzzer.py:110 start_fuzz()] Breakpoint hit at 0x08004ce4
2026-04-20 10:48:36,994 [INFO fuzzer.py:110 start_fuzz()] Breakpoint hit at 0x08002fae
2026-04-20 10:48:45,004 [INFO fuzzer.py:119 start_fuzz()] time end
2026-04-20 10:48:45,004 [INFO uart.py:62 disconnect()] serial disconnect!
2026-04-20 10:48:45,004 [INFO qemu.py:42 stop()] qemu exit!
2026-04-20 10:48:45,033 [INFO GDB.py:137 disconnect()] GDB Exit
