2026-03-26 16:57:58,957 [INFO project.py:162 __init__()] Loading binary ./example/fuzz-deadbeef.elf
2026-03-26 16:57:58,965 [INFO loader.py:907 _internal_load()] Linking /Users/bhxyry/Desktop/毕业设计/bp_fuzz/example/fuzz-deadbeef.elf
2026-03-26 16:57:58,965 [INFO loader.py:1058 _map_object()] Mapping /Users/bhxyry/Desktop/毕业设计/bp_fuzz/example/fuzz-deadbeef.elf at 0x8000000
2026-03-26 16:57:58,965 [INFO loader.py:907 _internal_load()] Linking cle##externs
2026-03-26 16:57:58,965 [INFO loader.py:1058 _map_object()] Mapping cle##externs at 0x20100000
2026-03-26 16:57:58,965 [INFO loader.py:907 _internal_load()] Linking cle##tls
2026-03-26 16:57:58,965 [INFO loader.py:1058 _map_object()] Mapping cle##tls at 0x20200000
2026-03-26 16:57:58,965 [INFO loader.py:1058 _map_object()] Mapping cle##kernel at 0x20300000
2026-03-26 16:57:58,969 [INFO cfg_base.py:180 __init__()] Loaded 5 indirect jump resolvers (3 timeless, 2 generic).
2026-03-26 16:57:58,969 [INFO __init__.py:151 make_extern()] Created extern symbol for UnresolvableJumpTarget
2026-03-26 16:57:58,970 [INFO __init__.py:151 make_extern()] Created extern symbol for UnresolvableCallTarget
2026-03-26 16:57:58,971 [INFO cfg_fast.py:3557 _preprocess_exception_handlings()] Loaded 0 exception handlings from 0 binaries.
2026-03-26 16:57:58,971 [INFO cfg_fast.py:2232 _func_addrs_from_prologues()] Found 23 functions with prologue scanning.
2026-03-26 16:57:59,027 [INFO jumptable.py:1166 _resolve()] Could not resolve indirect jump 0x8000b07 in function 0x8000989.
2026-03-26 16:57:59,034 [INFO jumptable.py:1136 _resolve()] Jump table at 0x8000b07 has 19 targets: 0x80009bb, 0x8000a53, 0x8000a5d, 0x8000a6f, 0x80009d3, 0x80009d3, 0x80009d3, 0x80009d3, 0x80009d3, 0x80009d3, 0x80009d3, 0x80009d3, 0x80009d3, 0x80009d3, 0x80009d3, 0x80009d3, 0x80009d3, 0x8000a57, 0x8000a63
2026-03-26 16:57:59,040 [INFO jumptable.py:1166 _resolve()] Could not resolve indirect jump 0x8000265 in function 0x8000259.
2026-03-26 16:57:59,046 [INFO jumptable.py:1166 _resolve()] Could not resolve indirect jump 0x8000265 in function 0x8000259.
2026-03-26 16:57:59,052 [INFO jumptable.py:1166 _resolve()] Could not resolve indirect jump 0x8000265 in function 0x8000259.
2026-03-26 16:57:59,057 [INFO jumptable.py:1166 _resolve()] Could not resolve indirect jump 0x8000265 in function 0x8000259.
2026-03-26 16:57:59,060 [INFO jumptable.py:1166 _resolve()] Could not resolve indirect jump 0x8000265 in function 0x8000259.
2026-03-26 16:57:59,063 [INFO jumptable.py:1166 _resolve()] Could not resolve indirect jump 0x8000281 in function 0x8000259.
2026-03-26 16:57:59,071 [INFO jumptable.py:1166 _resolve()] Could not resolve indirect jump 0x8000281 in function 0x8000259.
2026-03-26 16:57:59,079 [INFO jumptable.py:1166 _resolve()] Could not resolve indirect jump 0x8000281 in function 0x8000259.
2026-03-26 16:57:59,087 [INFO jumptable.py:1166 _resolve()] Could not resolve indirect jump 0x8000281 in function 0x8000259.
2026-03-26 16:57:59,090 [INFO jumptable.py:1166 _resolve()] Could not resolve indirect jump 0x8000281 in function 0x8000259.
2026-03-26 16:57:59,095 [INFO jumptable.py:1166 _resolve()] Could not resolve indirect jump 0x8000283 in function 0x8000259.
2026-03-26 16:57:59,101 [INFO jumptable.py:1166 _resolve()] Could not resolve indirect jump 0x8000283 in function 0x8000259.
2026-03-26 16:57:59,106 [INFO jumptable.py:1166 _resolve()] Could not resolve indirect jump 0x8000283 in function 0x8000259.
2026-03-26 16:57:59,114 [INFO jumptable.py:1166 _resolve()] Could not resolve indirect jump 0x8000283 in function 0x8000259.
2026-03-26 16:57:59,117 [INFO jumptable.py:1166 _resolve()] Could not resolve indirect jump 0x8000283 in function 0x8000259.
2026-03-26 16:57:59,121 [INFO jumptable.py:1166 _resolve()] Could not resolve indirect jump 0x8000267 in function 0x8000259.
2026-03-26 16:57:59,128 [INFO jumptable.py:1166 _resolve()] Could not resolve indirect jump 0x8000267 in function 0x8000259.
2026-03-26 16:57:59,133 [INFO jumptable.py:1166 _resolve()] Could not resolve indirect jump 0x8000267 in function 0x8000259.
2026-03-26 16:57:59,139 [INFO jumptable.py:1166 _resolve()] Could not resolve indirect jump 0x8000267 in function 0x8000259.
2026-03-26 16:57:59,142 [INFO jumptable.py:1166 _resolve()] Could not resolve indirect jump 0x8000267 in function 0x8000259.
2026-03-26 16:57:59,158 [INFO binaryanalyzer.py:37 generate_cfg()] binary analyzer complete!
2026-03-26 16:57:59,161 [INFO qemu.py:33 start()] qemu started
2026-03-26 16:58:00,589 [INFO GDB.py:15 connect()] gdb connected!
2026-03-26 16:58:00,800 [INFO uart.py:13 connect()] UART connected!
2026-03-26 16:58:00,801 [INFO GDB.py:31 set_breakpoint()] set breakpoint at 0x800039a
2026-03-26 16:58:01,081 [INFO GDB.py:31 set_breakpoint()] set breakpoint at 0x8000394
2026-03-26 16:58:01,289 [INFO GDB.py:31 set_breakpoint()] set breakpoint at 0x8000382
2026-03-26 16:58:01,495 [INFO GDB.py:31 set_breakpoint()] set breakpoint at 0x8000372
2026-03-26 16:58:01,701 [INFO fuzzer.py:88 set_breakpoints()] Redistribute all 4 breakpoints
2026-03-26 16:58:01,702 [INFO GDB.py:20 continue_run()] continue exec!
2026-03-26 16:58:01,907 [INFO uart.py:19 wait_for_output()] receive:b'Input:\n'
2026-03-26 16:58:01,908 [INFO uart.py:26 send_input()] data send!
2026-03-26 16:58:02,114 [INFO fuzzer.py:71 start_fuzz()] Breakpoint hit at 0x08000372
2026-03-26 16:58:02,114 [INFO GDB.py:20 continue_run()] continue exec!
2026-03-26 16:59:48,099 [INFO qemu.py:41 stop()] qemu stopped
2026-03-26 16:59:48,105 [INFO GDB.py:24 disconnect()] GDB Exit
2026-03-26 16:59:48,307 [INFO uart.py:33 disconnect()] serial disconnect!
