2026-03-26 17:34:28,318 [INFO project.py:162 __init__()] Loading binary ./example/fuzz-deadbeef.elf
2026-03-26 17:34:28,325 [INFO loader.py:907 _internal_load()] Linking /Users/bhxyry/Desktop/毕业设计/bp_fuzz/example/fuzz-deadbeef.elf
2026-03-26 17:34:28,326 [INFO loader.py:1058 _map_object()] Mapping /Users/bhxyry/Desktop/毕业设计/bp_fuzz/example/fuzz-deadbeef.elf at 0x8000000
2026-03-26 17:34:28,326 [INFO loader.py:907 _internal_load()] Linking cle##externs
2026-03-26 17:34:28,326 [INFO loader.py:1058 _map_object()] Mapping cle##externs at 0x20100000
2026-03-26 17:34:28,326 [INFO loader.py:907 _internal_load()] Linking cle##tls
2026-03-26 17:34:28,326 [INFO loader.py:1058 _map_object()] Mapping cle##tls at 0x20200000
2026-03-26 17:34:28,326 [INFO loader.py:1058 _map_object()] Mapping cle##kernel at 0x20300000
2026-03-26 17:34:28,329 [INFO cfg_base.py:180 __init__()] Loaded 5 indirect jump resolvers (3 timeless, 2 generic).
2026-03-26 17:34:28,330 [INFO __init__.py:151 make_extern()] Created extern symbol for UnresolvableJumpTarget
2026-03-26 17:34:28,330 [INFO __init__.py:151 make_extern()] Created extern symbol for UnresolvableCallTarget
2026-03-26 17:34:28,331 [INFO cfg_fast.py:3557 _preprocess_exception_handlings()] Loaded 0 exception handlings from 0 binaries.
2026-03-26 17:34:28,332 [INFO cfg_fast.py:2232 _func_addrs_from_prologues()] Found 23 functions with prologue scanning.
2026-03-26 17:34:28,387 [INFO jumptable.py:1166 _resolve()] Could not resolve indirect jump 0x8000b07 in function 0x8000989.
2026-03-26 17:34:28,394 [INFO jumptable.py:1136 _resolve()] Jump table at 0x8000b07 has 19 targets: 0x80009bb, 0x8000a53, 0x8000a5d, 0x8000a6f, 0x80009d3, 0x80009d3, 0x80009d3, 0x80009d3, 0x80009d3, 0x80009d3, 0x80009d3, 0x80009d3, 0x80009d3, 0x80009d3, 0x80009d3, 0x80009d3, 0x80009d3, 0x8000a57, 0x8000a63
2026-03-26 17:34:28,400 [INFO jumptable.py:1166 _resolve()] Could not resolve indirect jump 0x8000265 in function 0x8000259.
2026-03-26 17:34:28,406 [INFO jumptable.py:1166 _resolve()] Could not resolve indirect jump 0x8000265 in function 0x8000259.
2026-03-26 17:34:28,412 [INFO jumptable.py:1166 _resolve()] Could not resolve indirect jump 0x8000265 in function 0x8000259.
2026-03-26 17:34:28,418 [INFO jumptable.py:1166 _resolve()] Could not resolve indirect jump 0x8000265 in function 0x8000259.
2026-03-26 17:34:28,421 [INFO jumptable.py:1166 _resolve()] Could not resolve indirect jump 0x8000265 in function 0x8000259.
2026-03-26 17:34:28,424 [INFO jumptable.py:1166 _resolve()] Could not resolve indirect jump 0x8000281 in function 0x8000259.
2026-03-26 17:34:28,432 [INFO jumptable.py:1166 _resolve()] Could not resolve indirect jump 0x8000281 in function 0x8000259.
2026-03-26 17:34:28,440 [INFO jumptable.py:1166 _resolve()] Could not resolve indirect jump 0x8000281 in function 0x8000259.
2026-03-26 17:34:28,449 [INFO jumptable.py:1166 _resolve()] Could not resolve indirect jump 0x8000281 in function 0x8000259.
2026-03-26 17:34:28,452 [INFO jumptable.py:1166 _resolve()] Could not resolve indirect jump 0x8000281 in function 0x8000259.
2026-03-26 17:34:28,457 [INFO jumptable.py:1166 _resolve()] Could not resolve indirect jump 0x8000283 in function 0x8000259.
2026-03-26 17:34:28,463 [INFO jumptable.py:1166 _resolve()] Could not resolve indirect jump 0x8000283 in function 0x8000259.
2026-03-26 17:34:28,468 [INFO jumptable.py:1166 _resolve()] Could not resolve indirect jump 0x8000283 in function 0x8000259.
2026-03-26 17:34:28,477 [INFO jumptable.py:1166 _resolve()] Could not resolve indirect jump 0x8000283 in function 0x8000259.
2026-03-26 17:34:28,480 [INFO jumptable.py:1166 _resolve()] Could not resolve indirect jump 0x8000283 in function 0x8000259.
2026-03-26 17:34:28,484 [INFO jumptable.py:1166 _resolve()] Could not resolve indirect jump 0x8000267 in function 0x8000259.
2026-03-26 17:34:28,491 [INFO jumptable.py:1166 _resolve()] Could not resolve indirect jump 0x8000267 in function 0x8000259.
2026-03-26 17:34:28,496 [INFO jumptable.py:1166 _resolve()] Could not resolve indirect jump 0x8000267 in function 0x8000259.
2026-03-26 17:34:28,503 [INFO jumptable.py:1166 _resolve()] Could not resolve indirect jump 0x8000267 in function 0x8000259.
2026-03-26 17:34:28,506 [INFO jumptable.py:1166 _resolve()] Could not resolve indirect jump 0x8000267 in function 0x8000259.
2026-03-26 17:34:28,523 [INFO binaryanalyzer.py:37 generate_cfg()] binary analyzer complete!
2026-03-26 17:34:28,526 [INFO qemu.py:33 start()] qemu started
2026-03-26 17:34:29,952 [INFO GDB.py:15 connect()] gdb connected!
2026-03-26 17:34:30,160 [INFO uart.py:13 connect()] UART connected!
2026-03-26 17:34:30,161 [INFO GDB.py:31 set_breakpoint()] set breakpoint at 0x800039a
2026-03-26 17:34:30,430 [INFO GDB.py:31 set_breakpoint()] set breakpoint at 0x80003b6
2026-03-26 17:34:30,638 [INFO GDB.py:31 set_breakpoint()] set breakpoint at 0x80003b4
2026-03-26 17:34:30,842 [INFO GDB.py:31 set_breakpoint()] set breakpoint at 0x800037c
2026-03-26 17:34:31,048 [INFO fuzzer.py:83 set_breakpoints()] Redistribute all 4 breakpoints
2026-03-26 17:34:31,049 [INFO GDB.py:20 continue_run()] continue exec!
2026-03-26 17:34:31,255 [INFO uart.py:19 wait_for_output()] receive:b'Input:\n'
2026-03-26 17:34:37,110 [INFO qemu.py:41 stop()] qemu stopped
2026-03-26 17:34:37,114 [INFO GDB.py:24 disconnect()] GDB Exit
2026-03-26 17:34:37,314 [INFO uart.py:34 disconnect()] serial disconnect!
