2026-03-26 17:17:01,373 [INFO project.py:162 __init__()] Loading binary ./example/fuzz-deadbeef.elf
2026-03-26 17:17:01,381 [INFO loader.py:907 _internal_load()] Linking /Users/bhxyry/Desktop/毕业设计/bp_fuzz/example/fuzz-deadbeef.elf
2026-03-26 17:17:01,381 [INFO loader.py:1058 _map_object()] Mapping /Users/bhxyry/Desktop/毕业设计/bp_fuzz/example/fuzz-deadbeef.elf at 0x8000000
2026-03-26 17:17:01,381 [INFO loader.py:907 _internal_load()] Linking cle##externs
2026-03-26 17:17:01,381 [INFO loader.py:1058 _map_object()] Mapping cle##externs at 0x20100000
2026-03-26 17:17:01,381 [INFO loader.py:907 _internal_load()] Linking cle##tls
2026-03-26 17:17:01,381 [INFO loader.py:1058 _map_object()] Mapping cle##tls at 0x20200000
2026-03-26 17:17:01,381 [INFO loader.py:1058 _map_object()] Mapping cle##kernel at 0x20300000
2026-03-26 17:17:01,385 [INFO cfg_base.py:180 __init__()] Loaded 5 indirect jump resolvers (3 timeless, 2 generic).
2026-03-26 17:17:01,386 [INFO __init__.py:151 make_extern()] Created extern symbol for UnresolvableJumpTarget
2026-03-26 17:17:01,386 [INFO __init__.py:151 make_extern()] Created extern symbol for UnresolvableCallTarget
2026-03-26 17:17:01,387 [INFO cfg_fast.py:3557 _preprocess_exception_handlings()] Loaded 0 exception handlings from 0 binaries.
2026-03-26 17:17:01,387 [INFO cfg_fast.py:2232 _func_addrs_from_prologues()] Found 23 functions with prologue scanning.
2026-03-26 17:17:01,444 [INFO jumptable.py:1166 _resolve()] Could not resolve indirect jump 0x8000b07 in function 0x8000989.
2026-03-26 17:17:01,452 [INFO jumptable.py:1136 _resolve()] Jump table at 0x8000b07 has 19 targets: 0x80009bb, 0x8000a53, 0x8000a5d, 0x8000a6f, 0x80009d3, 0x80009d3, 0x80009d3, 0x80009d3, 0x80009d3, 0x80009d3, 0x80009d3, 0x80009d3, 0x80009d3, 0x80009d3, 0x80009d3, 0x80009d3, 0x80009d3, 0x8000a57, 0x8000a63
2026-03-26 17:17:01,458 [INFO jumptable.py:1166 _resolve()] Could not resolve indirect jump 0x8000265 in function 0x8000259.
2026-03-26 17:17:01,465 [INFO jumptable.py:1166 _resolve()] Could not resolve indirect jump 0x8000265 in function 0x8000259.
2026-03-26 17:17:01,471 [INFO jumptable.py:1166 _resolve()] Could not resolve indirect jump 0x8000265 in function 0x8000259.
2026-03-26 17:17:01,476 [INFO jumptable.py:1166 _resolve()] Could not resolve indirect jump 0x8000265 in function 0x8000259.
2026-03-26 17:17:01,479 [INFO jumptable.py:1166 _resolve()] Could not resolve indirect jump 0x8000265 in function 0x8000259.
2026-03-26 17:17:01,483 [INFO jumptable.py:1166 _resolve()] Could not resolve indirect jump 0x8000281 in function 0x8000259.
2026-03-26 17:17:01,490 [INFO jumptable.py:1166 _resolve()] Could not resolve indirect jump 0x8000281 in function 0x8000259.
2026-03-26 17:17:01,498 [INFO jumptable.py:1166 _resolve()] Could not resolve indirect jump 0x8000281 in function 0x8000259.
2026-03-26 17:17:01,506 [INFO jumptable.py:1166 _resolve()] Could not resolve indirect jump 0x8000281 in function 0x8000259.
2026-03-26 17:17:01,509 [INFO jumptable.py:1166 _resolve()] Could not resolve indirect jump 0x8000281 in function 0x8000259.
2026-03-26 17:17:01,514 [INFO jumptable.py:1166 _resolve()] Could not resolve indirect jump 0x8000283 in function 0x8000259.
2026-03-26 17:17:01,521 [INFO jumptable.py:1166 _resolve()] Could not resolve indirect jump 0x8000283 in function 0x8000259.
2026-03-26 17:17:01,526 [INFO jumptable.py:1166 _resolve()] Could not resolve indirect jump 0x8000283 in function 0x8000259.
2026-03-26 17:17:01,534 [INFO jumptable.py:1166 _resolve()] Could not resolve indirect jump 0x8000283 in function 0x8000259.
2026-03-26 17:17:01,537 [INFO jumptable.py:1166 _resolve()] Could not resolve indirect jump 0x8000283 in function 0x8000259.
2026-03-26 17:17:01,541 [INFO jumptable.py:1166 _resolve()] Could not resolve indirect jump 0x8000267 in function 0x8000259.
2026-03-26 17:17:01,548 [INFO jumptable.py:1166 _resolve()] Could not resolve indirect jump 0x8000267 in function 0x8000259.
2026-03-26 17:17:01,553 [INFO jumptable.py:1166 _resolve()] Could not resolve indirect jump 0x8000267 in function 0x8000259.
2026-03-26 17:17:01,559 [INFO jumptable.py:1166 _resolve()] Could not resolve indirect jump 0x8000267 in function 0x8000259.
2026-03-26 17:17:01,562 [INFO jumptable.py:1166 _resolve()] Could not resolve indirect jump 0x8000267 in function 0x8000259.
2026-03-26 17:17:01,579 [INFO binaryanalyzer.py:37 generate_cfg()] binary analyzer complete!
2026-03-26 17:17:01,582 [INFO qemu.py:33 start()] qemu started
2026-03-26 17:17:03,008 [INFO GDB.py:15 connect()] gdb connected!
2026-03-26 17:17:03,220 [INFO uart.py:13 connect()] UART connected!
2026-03-26 17:17:03,220 [INFO GDB.py:31 set_breakpoint()] set breakpoint at 0x8000388
2026-03-26 17:17:03,501 [INFO GDB.py:31 set_breakpoint()] set breakpoint at 0x8000394
2026-03-26 17:17:03,707 [INFO GDB.py:31 set_breakpoint()] set breakpoint at 0x80003b4
2026-03-26 17:17:03,912 [INFO GDB.py:31 set_breakpoint()] set breakpoint at 0x8000382
2026-03-26 17:17:04,119 [INFO fuzzer.py:88 set_breakpoints()] Redistribute all 4 breakpoints
2026-03-26 17:17:04,120 [INFO GDB.py:20 continue_run()] continue exec!
2026-03-26 17:17:04,326 [INFO uart.py:19 wait_for_output()] receive:b'Input:\n'
2026-03-26 17:17:04,326 [INFO uart.py:26 send_input()] data send!
2026-03-26 17:17:04,532 [INFO fuzzer.py:71 start_fuzz()] Breakpoint hit at 0x08000382
2026-03-26 17:17:04,533 [INFO GDB.py:20 continue_run()] continue exec!
2026-03-26 17:17:04,738 [INFO qemu.py:41 stop()] qemu stopped
2026-03-26 17:17:04,748 [INFO GDB.py:24 disconnect()] GDB Exit
2026-03-26 17:17:04,948 [INFO uart.py:33 disconnect()] serial disconnect!
