2026-03-26 17:35:46,373 [INFO project.py:162 __init__()] Loading binary ./example/fuzz-deadbeef.elf
2026-03-26 17:35:46,381 [INFO loader.py:907 _internal_load()] Linking /Users/bhxyry/Desktop/毕业设计/bp_fuzz/example/fuzz-deadbeef.elf
2026-03-26 17:35:46,381 [INFO loader.py:1058 _map_object()] Mapping /Users/bhxyry/Desktop/毕业设计/bp_fuzz/example/fuzz-deadbeef.elf at 0x8000000
2026-03-26 17:35:46,381 [INFO loader.py:907 _internal_load()] Linking cle##externs
2026-03-26 17:35:46,381 [INFO loader.py:1058 _map_object()] Mapping cle##externs at 0x20100000
2026-03-26 17:35:46,382 [INFO loader.py:907 _internal_load()] Linking cle##tls
2026-03-26 17:35:46,382 [INFO loader.py:1058 _map_object()] Mapping cle##tls at 0x20200000
2026-03-26 17:35:46,382 [INFO loader.py:1058 _map_object()] Mapping cle##kernel at 0x20300000
2026-03-26 17:35:46,386 [INFO cfg_base.py:180 __init__()] Loaded 5 indirect jump resolvers (3 timeless, 2 generic).
2026-03-26 17:35:46,386 [INFO __init__.py:151 make_extern()] Created extern symbol for UnresolvableJumpTarget
2026-03-26 17:35:46,386 [INFO __init__.py:151 make_extern()] Created extern symbol for UnresolvableCallTarget
2026-03-26 17:35:46,388 [INFO cfg_fast.py:3557 _preprocess_exception_handlings()] Loaded 0 exception handlings from 0 binaries.
2026-03-26 17:35:46,388 [INFO cfg_fast.py:2232 _func_addrs_from_prologues()] Found 23 functions with prologue scanning.
2026-03-26 17:35:46,444 [INFO jumptable.py:1166 _resolve()] Could not resolve indirect jump 0x8000b07 in function 0x8000989.
2026-03-26 17:35:46,452 [INFO jumptable.py:1136 _resolve()] Jump table at 0x8000b07 has 19 targets: 0x80009bb, 0x8000a53, 0x8000a5d, 0x8000a6f, 0x80009d3, 0x80009d3, 0x80009d3, 0x80009d3, 0x80009d3, 0x80009d3, 0x80009d3, 0x80009d3, 0x80009d3, 0x80009d3, 0x80009d3, 0x80009d3, 0x80009d3, 0x8000a57, 0x8000a63
2026-03-26 17:35:46,459 [INFO jumptable.py:1166 _resolve()] Could not resolve indirect jump 0x8000265 in function 0x8000259.
2026-03-26 17:35:46,465 [INFO jumptable.py:1166 _resolve()] Could not resolve indirect jump 0x8000265 in function 0x8000259.
2026-03-26 17:35:46,471 [INFO jumptable.py:1166 _resolve()] Could not resolve indirect jump 0x8000265 in function 0x8000259.
2026-03-26 17:35:46,476 [INFO jumptable.py:1166 _resolve()] Could not resolve indirect jump 0x8000265 in function 0x8000259.
2026-03-26 17:35:46,479 [INFO jumptable.py:1166 _resolve()] Could not resolve indirect jump 0x8000265 in function 0x8000259.
2026-03-26 17:35:46,483 [INFO jumptable.py:1166 _resolve()] Could not resolve indirect jump 0x8000281 in function 0x8000259.
2026-03-26 17:35:46,490 [INFO jumptable.py:1166 _resolve()] Could not resolve indirect jump 0x8000281 in function 0x8000259.
2026-03-26 17:35:46,498 [INFO jumptable.py:1166 _resolve()] Could not resolve indirect jump 0x8000281 in function 0x8000259.
2026-03-26 17:35:46,506 [INFO jumptable.py:1166 _resolve()] Could not resolve indirect jump 0x8000281 in function 0x8000259.
2026-03-26 17:35:46,509 [INFO jumptable.py:1166 _resolve()] Could not resolve indirect jump 0x8000281 in function 0x8000259.
2026-03-26 17:35:46,514 [INFO jumptable.py:1166 _resolve()] Could not resolve indirect jump 0x8000283 in function 0x8000259.
2026-03-26 17:35:46,521 [INFO jumptable.py:1166 _resolve()] Could not resolve indirect jump 0x8000283 in function 0x8000259.
2026-03-26 17:35:46,526 [INFO jumptable.py:1166 _resolve()] Could not resolve indirect jump 0x8000283 in function 0x8000259.
2026-03-26 17:35:46,534 [INFO jumptable.py:1166 _resolve()] Could not resolve indirect jump 0x8000283 in function 0x8000259.
2026-03-26 17:35:46,538 [INFO jumptable.py:1166 _resolve()] Could not resolve indirect jump 0x8000283 in function 0x8000259.
2026-03-26 17:35:46,542 [INFO jumptable.py:1166 _resolve()] Could not resolve indirect jump 0x8000267 in function 0x8000259.
2026-03-26 17:35:46,548 [INFO jumptable.py:1166 _resolve()] Could not resolve indirect jump 0x8000267 in function 0x8000259.
2026-03-26 17:35:46,553 [INFO jumptable.py:1166 _resolve()] Could not resolve indirect jump 0x8000267 in function 0x8000259.
2026-03-26 17:35:46,560 [INFO jumptable.py:1166 _resolve()] Could not resolve indirect jump 0x8000267 in function 0x8000259.
2026-03-26 17:35:46,563 [INFO jumptable.py:1166 _resolve()] Could not resolve indirect jump 0x8000267 in function 0x8000259.
2026-03-26 17:35:46,579 [INFO binaryanalyzer.py:37 generate_cfg()] binary analyzer complete!
2026-03-26 17:35:46,582 [INFO qemu.py:33 start()] qemu started
2026-03-26 17:35:48,009 [INFO GDB.py:15 connect()] gdb connected!
2026-03-26 17:35:48,220 [INFO uart.py:13 connect()] UART connected!
2026-03-26 17:35:48,221 [INFO GDB.py:31 set_breakpoint()] set breakpoint at 0x8000372
2026-03-26 17:35:48,498 [INFO GDB.py:31 set_breakpoint()] set breakpoint at 0x80003b6
2026-03-26 17:35:48,701 [INFO GDB.py:31 set_breakpoint()] set breakpoint at 0x800036e
2026-03-26 17:35:48,906 [INFO GDB.py:31 set_breakpoint()] set breakpoint at 0x8000382
2026-03-26 17:35:49,115 [INFO fuzzer.py:83 set_breakpoints()] Redistribute all 4 breakpoints
2026-03-26 17:35:49,115 [INFO GDB.py:20 continue_run()] continue exec!
2026-03-26 17:35:49,318 [INFO uart.py:19 wait_for_output()] receive:b'Input:\n'
2026-03-26 17:35:49,319 [INFO uart.py:27 send_input()] data send!
2026-03-26 17:35:49,523 [INFO fuzzer.py:67 start_fuzz()] Breakpoint hit at 0x0800036e
2026-03-26 17:35:49,524 [INFO GDB.py:20 continue_run()] continue exec!
2026-03-26 17:35:49,730 [INFO fuzzer.py:67 start_fuzz()] Breakpoint hit at 0x08000372
2026-03-26 17:35:49,730 [INFO GDB.py:20 continue_run()] continue exec!
2026-03-26 17:35:49,934 [INFO fuzzer.py:67 start_fuzz()] Breakpoint hit at 0x08000382
2026-03-26 17:35:49,935 [INFO GDB.py:20 continue_run()] continue exec!
2026-03-26 17:35:50,138 [INFO uart.py:19 wait_for_output()] receive:b'OK\n'
2026-03-26 17:35:50,138 [INFO uart.py:19 wait_for_output()] receive:b'Input:\n'
2026-03-26 17:35:50,138 [INFO uart.py:27 send_input()] data send!
2026-03-26 17:35:50,344 [INFO fuzzer.py:67 start_fuzz()] Breakpoint hit at 0x0800036e
2026-03-26 17:35:50,344 [INFO GDB.py:20 continue_run()] continue exec!
2026-03-26 17:35:50,546 [INFO fuzzer.py:67 start_fuzz()] Breakpoint hit at 0x08000372
2026-03-26 17:35:50,547 [INFO GDB.py:20 continue_run()] continue exec!
2026-03-26 17:35:50,752 [INFO fuzzer.py:67 start_fuzz()] Breakpoint hit at 0x08000382
2026-03-26 17:35:50,753 [INFO GDB.py:20 continue_run()] continue exec!
2026-03-26 17:35:50,954 [INFO uart.py:19 wait_for_output()] receive:b'OK\n'
2026-03-26 17:35:50,954 [INFO uart.py:19 wait_for_output()] receive:b'Input:\n'
2026-03-26 17:35:50,954 [INFO uart.py:27 send_input()] data send!
2026-03-26 17:35:51,160 [INFO fuzzer.py:67 start_fuzz()] Breakpoint hit at 0x0800036e
2026-03-26 17:35:51,161 [INFO GDB.py:20 continue_run()] continue exec!
2026-03-26 17:35:51,367 [INFO fuzzer.py:67 start_fuzz()] Breakpoint hit at 0x08000372
2026-03-26 17:35:51,367 [INFO GDB.py:20 continue_run()] continue exec!
2026-03-26 17:35:51,572 [INFO fuzzer.py:67 start_fuzz()] Breakpoint hit at 0x08000382
2026-03-26 17:35:51,572 [INFO GDB.py:20 continue_run()] continue exec!
2026-03-26 17:35:51,777 [INFO uart.py:19 wait_for_output()] receive:b'OK\n'
2026-03-26 17:35:51,777 [INFO uart.py:19 wait_for_output()] receive:b'Input:\n'
2026-03-26 17:35:51,777 [INFO uart.py:27 send_input()] data send!
2026-03-26 17:35:51,983 [INFO fuzzer.py:67 start_fuzz()] Breakpoint hit at 0x0800036e
2026-03-26 17:35:51,984 [INFO GDB.py:20 continue_run()] continue exec!
2026-03-26 17:35:52,190 [INFO fuzzer.py:67 start_fuzz()] Breakpoint hit at 0x08000372
2026-03-26 17:35:52,191 [INFO GDB.py:20 continue_run()] continue exec!
2026-03-26 17:35:52,397 [INFO fuzzer.py:67 start_fuzz()] Breakpoint hit at 0x08000382
2026-03-26 17:35:52,397 [INFO GDB.py:20 continue_run()] continue exec!
2026-03-26 17:35:52,600 [INFO uart.py:19 wait_for_output()] receive:b'OK\n'
2026-03-26 17:35:52,600 [INFO uart.py:19 wait_for_output()] receive:b'Input:\n'
2026-03-26 17:35:52,600 [INFO uart.py:27 send_input()] data send!
2026-03-26 17:35:52,806 [INFO fuzzer.py:67 start_fuzz()] Breakpoint hit at 0x0800036e
2026-03-26 17:35:52,807 [INFO GDB.py:20 continue_run()] continue exec!
2026-03-26 17:35:53,013 [INFO fuzzer.py:67 start_fuzz()] Breakpoint hit at 0x08000372
2026-03-26 17:35:53,013 [INFO GDB.py:20 continue_run()] continue exec!
2026-03-26 17:35:53,217 [INFO fuzzer.py:67 start_fuzz()] Breakpoint hit at 0x08000382
2026-03-26 17:35:53,218 [INFO GDB.py:20 continue_run()] continue exec!
2026-03-26 17:35:53,424 [INFO uart.py:19 wait_for_output()] receive:b'OK\n'
2026-03-26 17:35:53,424 [INFO uart.py:19 wait_for_output()] receive:b'Input:\n'
2026-03-26 17:35:53,424 [INFO uart.py:27 send_input()] data send!
2026-03-26 17:35:53,630 [INFO fuzzer.py:67 start_fuzz()] Breakpoint hit at 0x0800036e
2026-03-26 17:35:53,630 [INFO GDB.py:20 continue_run()] continue exec!
2026-03-26 17:35:53,836 [INFO fuzzer.py:67 start_fuzz()] Breakpoint hit at 0x08000372
2026-03-26 17:35:53,836 [INFO GDB.py:20 continue_run()] continue exec!
2026-03-26 17:35:54,040 [INFO fuzzer.py:67 start_fuzz()] Breakpoint hit at 0x08000382
2026-03-26 17:35:54,040 [INFO GDB.py:20 continue_run()] continue exec!
2026-03-26 17:35:54,246 [INFO uart.py:19 wait_for_output()] receive:b'OK\n'
2026-03-26 17:35:54,246 [INFO uart.py:19 wait_for_output()] receive:b'Input:\n'
2026-03-26 17:35:54,246 [INFO uart.py:27 send_input()] data send!
2026-03-26 17:35:54,452 [INFO fuzzer.py:67 start_fuzz()] Breakpoint hit at 0x0800036e
2026-03-26 17:35:54,452 [INFO GDB.py:20 continue_run()] continue exec!
2026-03-26 17:35:54,658 [INFO fuzzer.py:67 start_fuzz()] Breakpoint hit at 0x08000372
2026-03-26 17:35:54,658 [INFO GDB.py:20 continue_run()] continue exec!
2026-03-26 17:35:54,865 [INFO fuzzer.py:67 start_fuzz()] Breakpoint hit at 0x08000382
2026-03-26 17:35:54,865 [INFO GDB.py:20 continue_run()] continue exec!
2026-03-26 17:35:55,069 [INFO uart.py:19 wait_for_output()] receive:b'OK\n'
2026-03-26 17:35:55,069 [INFO uart.py:19 wait_for_output()] receive:b'Input:\n'
2026-03-26 17:35:55,069 [INFO uart.py:27 send_input()] data send!
2026-03-26 17:35:55,275 [INFO fuzzer.py:67 start_fuzz()] Breakpoint hit at 0x0800036e
2026-03-26 17:35:55,276 [INFO GDB.py:20 continue_run()] continue exec!
2026-03-26 17:35:55,482 [INFO fuzzer.py:67 start_fuzz()] Breakpoint hit at 0x08000372
2026-03-26 17:35:55,482 [INFO GDB.py:20 continue_run()] continue exec!
2026-03-26 17:35:55,688 [INFO fuzzer.py:67 start_fuzz()] Breakpoint hit at 0x08000382
2026-03-26 17:35:55,689 [INFO GDB.py:20 continue_run()] continue exec!
2026-03-26 17:35:55,895 [INFO uart.py:19 wait_for_output()] receive:b'OK\n'
2026-03-26 17:35:55,895 [INFO uart.py:19 wait_for_output()] receive:b'Input:\n'
2026-03-26 17:35:55,895 [INFO uart.py:27 send_input()] data send!
2026-03-26 17:35:56,101 [INFO fuzzer.py:67 start_fuzz()] Breakpoint hit at 0x0800036e
2026-03-26 17:35:56,102 [INFO GDB.py:20 continue_run()] continue exec!
2026-03-26 17:35:56,307 [INFO fuzzer.py:67 start_fuzz()] Breakpoint hit at 0x08000372
2026-03-26 17:35:56,308 [INFO GDB.py:20 continue_run()] continue exec!
2026-03-26 17:35:56,401 [INFO qemu.py:41 stop()] qemu stopped
2026-03-26 17:35:56,405 [INFO GDB.py:24 disconnect()] GDB Exit
2026-03-26 17:35:56,605 [INFO uart.py:34 disconnect()] serial disconnect!
