2026-03-26 17:31:20,506 [INFO project.py:162 __init__()] Loading binary ./example/fuzz-deadbeef.elf
2026-03-26 17:31:20,514 [INFO loader.py:907 _internal_load()] Linking /Users/bhxyry/Desktop/毕业设计/bp_fuzz/example/fuzz-deadbeef.elf
2026-03-26 17:31:20,514 [INFO loader.py:1058 _map_object()] Mapping /Users/bhxyry/Desktop/毕业设计/bp_fuzz/example/fuzz-deadbeef.elf at 0x8000000
2026-03-26 17:31:20,514 [INFO loader.py:907 _internal_load()] Linking cle##externs
2026-03-26 17:31:20,515 [INFO loader.py:1058 _map_object()] Mapping cle##externs at 0x20100000
2026-03-26 17:31:20,515 [INFO loader.py:907 _internal_load()] Linking cle##tls
2026-03-26 17:31:20,515 [INFO loader.py:1058 _map_object()] Mapping cle##tls at 0x20200000
2026-03-26 17:31:20,515 [INFO loader.py:1058 _map_object()] Mapping cle##kernel at 0x20300000
2026-03-26 17:31:20,518 [INFO cfg_base.py:180 __init__()] Loaded 5 indirect jump resolvers (3 timeless, 2 generic).
2026-03-26 17:31:20,519 [INFO __init__.py:151 make_extern()] Created extern symbol for UnresolvableJumpTarget
2026-03-26 17:31:20,519 [INFO __init__.py:151 make_extern()] Created extern symbol for UnresolvableCallTarget
2026-03-26 17:31:20,520 [INFO cfg_fast.py:3557 _preprocess_exception_handlings()] Loaded 0 exception handlings from 0 binaries.
2026-03-26 17:31:20,521 [INFO cfg_fast.py:2232 _func_addrs_from_prologues()] Found 23 functions with prologue scanning.
2026-03-26 17:31:20,577 [INFO jumptable.py:1166 _resolve()] Could not resolve indirect jump 0x8000b07 in function 0x8000989.
2026-03-26 17:31:20,584 [INFO jumptable.py:1136 _resolve()] Jump table at 0x8000b07 has 19 targets: 0x80009bb, 0x8000a53, 0x8000a5d, 0x8000a6f, 0x80009d3, 0x80009d3, 0x80009d3, 0x80009d3, 0x80009d3, 0x80009d3, 0x80009d3, 0x80009d3, 0x80009d3, 0x80009d3, 0x80009d3, 0x80009d3, 0x80009d3, 0x8000a57, 0x8000a63
2026-03-26 17:31:20,590 [INFO jumptable.py:1166 _resolve()] Could not resolve indirect jump 0x8000265 in function 0x8000259.
2026-03-26 17:31:20,596 [INFO jumptable.py:1166 _resolve()] Could not resolve indirect jump 0x8000265 in function 0x8000259.
2026-03-26 17:31:20,602 [INFO jumptable.py:1166 _resolve()] Could not resolve indirect jump 0x8000265 in function 0x8000259.
2026-03-26 17:31:20,607 [INFO jumptable.py:1166 _resolve()] Could not resolve indirect jump 0x8000265 in function 0x8000259.
2026-03-26 17:31:20,611 [INFO jumptable.py:1166 _resolve()] Could not resolve indirect jump 0x8000265 in function 0x8000259.
2026-03-26 17:31:20,614 [INFO jumptable.py:1166 _resolve()] Could not resolve indirect jump 0x8000281 in function 0x8000259.
2026-03-26 17:31:20,622 [INFO jumptable.py:1166 _resolve()] Could not resolve indirect jump 0x8000281 in function 0x8000259.
2026-03-26 17:31:20,629 [INFO jumptable.py:1166 _resolve()] Could not resolve indirect jump 0x8000281 in function 0x8000259.
2026-03-26 17:31:20,639 [INFO jumptable.py:1166 _resolve()] Could not resolve indirect jump 0x8000281 in function 0x8000259.
2026-03-26 17:31:20,642 [INFO jumptable.py:1166 _resolve()] Could not resolve indirect jump 0x8000281 in function 0x8000259.
2026-03-26 17:31:20,646 [INFO jumptable.py:1166 _resolve()] Could not resolve indirect jump 0x8000283 in function 0x8000259.
2026-03-26 17:31:20,653 [INFO jumptable.py:1166 _resolve()] Could not resolve indirect jump 0x8000283 in function 0x8000259.
2026-03-26 17:31:20,658 [INFO jumptable.py:1166 _resolve()] Could not resolve indirect jump 0x8000283 in function 0x8000259.
2026-03-26 17:31:20,666 [INFO jumptable.py:1166 _resolve()] Could not resolve indirect jump 0x8000283 in function 0x8000259.
2026-03-26 17:31:20,670 [INFO jumptable.py:1166 _resolve()] Could not resolve indirect jump 0x8000283 in function 0x8000259.
2026-03-26 17:31:20,674 [INFO jumptable.py:1166 _resolve()] Could not resolve indirect jump 0x8000267 in function 0x8000259.
2026-03-26 17:31:20,681 [INFO jumptable.py:1166 _resolve()] Could not resolve indirect jump 0x8000267 in function 0x8000259.
2026-03-26 17:31:20,686 [INFO jumptable.py:1166 _resolve()] Could not resolve indirect jump 0x8000267 in function 0x8000259.
2026-03-26 17:31:20,692 [INFO jumptable.py:1166 _resolve()] Could not resolve indirect jump 0x8000267 in function 0x8000259.
2026-03-26 17:31:20,695 [INFO jumptable.py:1166 _resolve()] Could not resolve indirect jump 0x8000267 in function 0x8000259.
2026-03-26 17:31:20,712 [INFO binaryanalyzer.py:37 generate_cfg()] binary analyzer complete!
2026-03-26 17:31:20,715 [INFO qemu.py:33 start()] qemu started
2026-03-26 17:31:22,144 [INFO GDB.py:15 connect()] gdb connected!
2026-03-26 17:31:22,353 [INFO uart.py:13 connect()] UART connected!
2026-03-26 17:31:22,354 [INFO GDB.py:31 set_breakpoint()] set breakpoint at 0x800037c
2026-03-26 17:31:22,638 [INFO GDB.py:31 set_breakpoint()] set breakpoint at 0x8000372
2026-03-26 17:31:22,845 [INFO GDB.py:31 set_breakpoint()] set breakpoint at 0x80003a0
2026-03-26 17:31:23,052 [INFO GDB.py:31 set_breakpoint()] set breakpoint at 0x8000394
2026-03-26 17:31:23,259 [INFO fuzzer.py:83 set_breakpoints()] Redistribute all 4 breakpoints
2026-03-26 17:31:23,260 [INFO GDB.py:20 continue_run()] continue exec!
2026-03-26 17:31:23,467 [INFO uart.py:19 wait_for_output()] receive:b'Input:\n'
2026-03-26 17:31:23,467 [INFO uart.py:26 send_input()] data send!
2026-03-26 17:31:23,673 [INFO fuzzer.py:66 start_fuzz()] Breakpoint hit at 0x08000372
2026-03-26 17:31:23,674 [INFO GDB.py:20 continue_run()] continue exec!
2026-03-26 17:31:23,880 [INFO fuzzer.py:66 start_fuzz()] Breakpoint hit at 0x0800037c
2026-03-26 17:31:23,880 [INFO GDB.py:20 continue_run()] continue exec!
2026-03-26 17:31:24,084 [INFO fuzzer.py:66 start_fuzz()] Breakpoint hit at 0x08000394
2026-03-26 17:31:24,084 [INFO GDB.py:20 continue_run()] continue exec!
2026-03-26 17:31:24,291 [INFO fuzzer.py:66 start_fuzz()] Breakpoint hit at 0x080003a0
2026-03-26 17:31:24,291 [INFO GDB.py:20 continue_run()] continue exec!
2026-03-26 17:31:24,493 [INFO uart.py:19 wait_for_output()] receive:b'OK\n'
2026-03-26 17:31:24,493 [INFO uart.py:26 send_input()] data send!
2026-03-26 17:31:24,699 [INFO fuzzer.py:66 start_fuzz()] Breakpoint hit at 0x08000372
2026-03-26 17:31:24,700 [INFO GDB.py:20 continue_run()] continue exec!
2026-03-26 17:31:24,906 [INFO fuzzer.py:66 start_fuzz()] Breakpoint hit at 0x0800037c
2026-03-26 17:31:24,906 [INFO GDB.py:20 continue_run()] continue exec!
2026-03-26 17:31:25,112 [INFO fuzzer.py:66 start_fuzz()] Breakpoint hit at 0x08000394
2026-03-26 17:31:25,112 [INFO GDB.py:20 continue_run()] continue exec!
2026-03-26 17:31:25,315 [INFO fuzzer.py:66 start_fuzz()] Breakpoint hit at 0x080003a0
2026-03-26 17:31:25,315 [INFO GDB.py:20 continue_run()] continue exec!
2026-03-26 17:31:25,521 [INFO uart.py:19 wait_for_output()] receive:b'Input:\n'
2026-03-26 17:31:25,521 [INFO uart.py:26 send_input()] data send!
2026-03-26 17:31:25,727 [INFO fuzzer.py:66 start_fuzz()] Breakpoint hit at 0x08000372
2026-03-26 17:31:25,727 [INFO GDB.py:20 continue_run()] continue exec!
2026-03-26 17:31:25,933 [INFO fuzzer.py:66 start_fuzz()] Breakpoint hit at 0x0800037c
2026-03-26 17:31:25,934 [INFO GDB.py:20 continue_run()] continue exec!
2026-03-26 17:31:26,138 [INFO fuzzer.py:66 start_fuzz()] Breakpoint hit at 0x08000394
2026-03-26 17:31:26,138 [INFO GDB.py:20 continue_run()] continue exec!
2026-03-26 17:31:26,340 [INFO fuzzer.py:66 start_fuzz()] Breakpoint hit at 0x080003a0
2026-03-26 17:31:26,340 [INFO GDB.py:20 continue_run()] continue exec!
2026-03-26 17:31:26,545 [INFO uart.py:19 wait_for_output()] receive:b'OK\n'
2026-03-26 17:31:26,545 [INFO uart.py:26 send_input()] data send!
2026-03-26 17:31:26,751 [INFO fuzzer.py:66 start_fuzz()] Breakpoint hit at 0x08000372
2026-03-26 17:31:26,752 [INFO GDB.py:20 continue_run()] continue exec!
2026-03-26 17:31:26,958 [INFO fuzzer.py:66 start_fuzz()] Breakpoint hit at 0x0800037c
2026-03-26 17:31:26,958 [INFO GDB.py:20 continue_run()] continue exec!
2026-03-26 17:31:27,165 [INFO fuzzer.py:66 start_fuzz()] Breakpoint hit at 0x08000394
2026-03-26 17:31:27,165 [INFO GDB.py:20 continue_run()] continue exec!
2026-03-26 17:31:27,369 [INFO fuzzer.py:66 start_fuzz()] Breakpoint hit at 0x080003a0
2026-03-26 17:31:27,370 [INFO GDB.py:20 continue_run()] continue exec!
2026-03-26 17:31:27,573 [INFO uart.py:19 wait_for_output()] receive:b'Input:\n'
2026-03-26 17:31:27,573 [INFO uart.py:26 send_input()] data send!
2026-03-26 17:31:27,779 [INFO fuzzer.py:66 start_fuzz()] Breakpoint hit at 0x08000372
2026-03-26 17:31:27,780 [INFO GDB.py:20 continue_run()] continue exec!
2026-03-26 17:31:27,981 [INFO fuzzer.py:66 start_fuzz()] Breakpoint hit at 0x0800037c
2026-03-26 17:31:27,981 [INFO GDB.py:20 continue_run()] continue exec!
2026-03-26 17:31:28,188 [INFO fuzzer.py:66 start_fuzz()] Breakpoint hit at 0x08000394
2026-03-26 17:31:28,188 [INFO GDB.py:20 continue_run()] continue exec!
2026-03-26 17:31:28,393 [INFO fuzzer.py:66 start_fuzz()] Breakpoint hit at 0x080003a0
2026-03-26 17:31:28,394 [INFO GDB.py:20 continue_run()] continue exec!
2026-03-26 17:31:28,597 [INFO uart.py:19 wait_for_output()] receive:b'OK\n'
2026-03-26 17:31:28,597 [INFO uart.py:26 send_input()] data send!
2026-03-26 17:31:28,803 [INFO fuzzer.py:66 start_fuzz()] Breakpoint hit at 0x08000372
2026-03-26 17:31:28,803 [INFO GDB.py:20 continue_run()] continue exec!
2026-03-26 17:31:29,005 [INFO fuzzer.py:66 start_fuzz()] Breakpoint hit at 0x0800037c
2026-03-26 17:31:29,006 [INFO GDB.py:20 continue_run()] continue exec!
2026-03-26 17:31:29,211 [INFO fuzzer.py:66 start_fuzz()] Breakpoint hit at 0x08000394
2026-03-26 17:31:29,212 [INFO GDB.py:20 continue_run()] continue exec!
2026-03-26 17:31:29,417 [INFO fuzzer.py:66 start_fuzz()] Breakpoint hit at 0x080003a0
2026-03-26 17:31:29,417 [INFO GDB.py:20 continue_run()] continue exec!
2026-03-26 17:31:29,624 [INFO uart.py:19 wait_for_output()] receive:b'Input:\n'
2026-03-26 17:31:29,624 [INFO uart.py:26 send_input()] data send!
2026-03-26 17:31:29,830 [INFO fuzzer.py:66 start_fuzz()] Breakpoint hit at 0x08000372
2026-03-26 17:31:29,830 [INFO GDB.py:20 continue_run()] continue exec!
2026-03-26 17:31:30,033 [INFO fuzzer.py:66 start_fuzz()] Breakpoint hit at 0x0800037c
2026-03-26 17:31:30,034 [INFO GDB.py:20 continue_run()] continue exec!
2026-03-26 17:31:30,238 [INFO fuzzer.py:66 start_fuzz()] Breakpoint hit at 0x08000394
2026-03-26 17:31:30,239 [INFO GDB.py:20 continue_run()] continue exec!
2026-03-26 17:31:30,442 [INFO fuzzer.py:66 start_fuzz()] Breakpoint hit at 0x080003a0
2026-03-26 17:31:30,443 [INFO GDB.py:20 continue_run()] continue exec!
2026-03-26 17:31:30,648 [INFO uart.py:19 wait_for_output()] receive:b'OK\n'
2026-03-26 17:31:30,648 [INFO uart.py:26 send_input()] data send!
2026-03-26 17:31:30,854 [INFO fuzzer.py:66 start_fuzz()] Breakpoint hit at 0x08000372
2026-03-26 17:31:30,854 [INFO GDB.py:20 continue_run()] continue exec!
2026-03-26 17:31:31,058 [INFO fuzzer.py:66 start_fuzz()] Breakpoint hit at 0x0800037c
2026-03-26 17:31:31,059 [INFO GDB.py:20 continue_run()] continue exec!
2026-03-26 17:31:31,178 [INFO qemu.py:41 stop()] qemu stopped
2026-03-26 17:31:31,182 [INFO GDB.py:24 disconnect()] GDB Exit
2026-03-26 17:31:31,382 [INFO uart.py:33 disconnect()] serial disconnect!
